
test-offline:

get-deps:

commons-cli-from-maven.compile:
    [javac] /tmp/run_mutation.pl_28841_1702871581/37b/maven-build.xml:77: warning: 'includeantruntime' was not set, defaulting to build.sysclasspath=last; set to false for repeatable builds

compile:

commons-cli-from-maven.compile.tests:
    [mkdir] Created dir: /tmp/run_mutation.pl_28841_1702871581/37b/target/test-classes
    [javac] /tmp/run_mutation.pl_28841_1702871581/37b/maven-build.xml:110: warning: 'includeantruntime' was not set, defaulting to build.sysclasspath=last; set to false for repeatable builds
    [javac] Compiling 27 source files to /tmp/run_mutation.pl_28841_1702871581/37b/target/test-classes
    [javac] Picked up JAVA_TOOL_OPTIONS: -Dfile.encoding=UTF8
    [javac] warning: [options] bootstrap class path not set in conjunction with -source 1.5
    [javac] warning: /root/.sdkman/candidates/java/8.0.302-open/lib/ct.sym(META-INF/sym/rt.jar/java/lang/Object.class): major version 52 is newer than 51, the highest major version supported by this compiler.
    [javac]   It is recommended that the compiler be upgraded.
    [javac] warning: /root/.sdkman/candidates/java/8.0.302-open/lib/ct.sym(META-INF/sym/rt.jar/java/io/PrintWriter.class): major version 52 is newer than 51, the highest major version supported by this compiler.
    [javac]   It is recommended that the compiler be upgraded.
    [javac] warning: /root/.sdkman/candidates/java/8.0.302-open/lib/ct.sym(META-INF/sym/rt.jar/java/io/StringWriter.class): major version 52 is newer than 51, the highest major version supported by this compiler.
    [javac]   It is recommended that the compiler be upgraded.
    [javac] warning: /root/.sdkman/candidates/java/8.0.302-open/lib/ct.sym(META-INF/sym/rt.jar/java/lang/SuppressWarnings.class): major version 52 is newer than 51, the highest major version supported by this compiler.
    [javac]   It is recommended that the compiler be upgraded.
    [javac] warning: /root/.sdkman/candidates/java/8.0.302-open/lib/ct.sym(META-INF/sym/rt.jar/java/lang/Exception.class): major version 52 is newer than 51, the highest major version supported by this compiler.
    [javac]   It is recommended that the compiler be upgraded.
    [javac] warning: /root/.sdkman/candidates/java/8.0.302-open/lib/ct.sym(META-INF/sym/rt.jar/java/util/Arrays.class): major version 52 is newer than 51, the highest major version supported by this compiler.
    [javac]   It is recommended that the compiler be upgraded.
    [javac] warning: /root/.sdkman/candidates/java/8.0.302-open/lib/ct.sym(META-INF/sym/rt.jar/java/util/List.class): major version 52 is newer than 51, the highest major version supported by this compiler.
    [javac]   It is recommended that the compiler be upgraded.
    [javac] warning: /root/.sdkman/candidates/java/8.0.302-open/lib/ct.sym(META-INF/sym/rt.jar/java/util/Properties.class): major version 52 is newer than 51, the highest major version supported by this compiler.
    [javac]   It is recommended that the compiler be upgraded.
    [javac] warning: /root/.sdkman/candidates/java/8.0.302-open/lib/ct.sym(META-INF/sym/rt.jar/java/lang/String.class): major version 52 is newer than 51, the highest major version supported by this compiler.
    [javac]   It is recommended that the compiler be upgraded.
    [javac] warning: /root/.sdkman/candidates/java/8.0.302-open/lib/ct.sym(META-INF/sym/rt.jar/java/io/ByteArrayOutputStream.class): major version 52 is newer than 51, the highest major version supported by this compiler.
    [javac]   It is recommended that the compiler be upgraded.
    [javac] warning: /root/.sdkman/candidates/java/8.0.302-open/lib/ct.sym(META-INF/sym/rt.jar/java/util/Comparator.class): major version 52 is newer than 51, the highest major version supported by this compiler.
    [javac]   It is recommended that the compiler be upgraded.
    [javac] warning: /root/.sdkman/candidates/java/8.0.302-open/lib/ct.sym(META-INF/sym/rt.jar/java/lang/Class.class): major version 52 is newer than 51, the highest major version supported by this compiler.
    [javac]   It is recommended that the compiler be upgraded.
    [javac] warning: /root/.sdkman/candidates/java/8.0.302-open/lib/ct.sym(META-INF/sym/rt.jar/java/lang/Cloneable.class): major version 52 is newer than 51, the highest major version supported by this compiler.
    [javac]   It is recommended that the compiler be upgraded.
    [javac] warning: /root/.sdkman/candidates/java/8.0.302-open/lib/ct.sym(META-INF/sym/rt.jar/java/io/Serializable.class): major version 52 is newer than 51, the highest major version supported by this compiler.
    [javac]   It is recommended that the compiler be upgraded.
    [javac] warning: /root/.sdkman/candidates/java/8.0.302-open/lib/ct.sym(META-INF/sym/rt.jar/java/lang/IllegalArgumentException.class): major version 52 is newer than 51, the highest major version supported by this compiler.
    [javac]   It is recommended that the compiler be upgraded.
    [javac] warning: /root/.sdkman/candidates/java/8.0.302-open/lib/ct.sym(META-INF/sym/rt.jar/java/util/ArrayList.class): major version 52 is newer than 51, the highest major version supported by this compiler.
    [javac]   It is recommended that the compiler be upgraded.
    [javac] warning: /root/.sdkman/candidates/java/8.0.302-open/lib/ct.sym(META-INF/sym/rt.jar/java/util/Collection.class): major version 52 is newer than 51, the highest major version supported by this compiler.
    [javac]   It is recommended that the compiler be upgraded.
    [javac] warning: /root/.sdkman/candidates/java/8.0.302-open/lib/ct.sym(META-INF/sym/rt.jar/java/io/File.class): major version 52 is newer than 51, the highest major version supported by this compiler.
    [javac]   It is recommended that the compiler be upgraded.
    [javac] warning: /root/.sdkman/candidates/java/8.0.302-open/lib/ct.sym(META-INF/sym/rt.jar/java/net/URL.class): major version 52 is newer than 51, the highest major version supported by this compiler.
    [javac]   It is recommended that the compiler be upgraded.
    [javac] warning: /root/.sdkman/candidates/java/8.0.302-open/lib/ct.sym(META-INF/sym/rt.jar/java/util/Calendar.class): major version 52 is newer than 51, the highest major version supported by this compiler.
    [javac]   It is recommended that the compiler be upgraded.
    [javac] warning: /root/.sdkman/candidates/java/8.0.302-open/lib/ct.sym(META-INF/sym/rt.jar/java/util/Date.class): major version 52 is newer than 51, the highest major version supported by this compiler.
    [javac]   It is recommended that the compiler be upgraded.
    [javac] warning: /root/.sdkman/candidates/java/8.0.302-open/lib/ct.sym(META-INF/sym/rt.jar/java/util/Vector.class): major version 52 is newer than 51, the highest major version supported by this compiler.
    [javac]   It is recommended that the compiler be upgraded.
    [javac] /tmp/run_mutation.pl_28841_1702871581/37b/src/test/java/org/apache/commons/cli/bug/BugCLI133Test.java:26: warning: [deprecation] PosixParser in org.apache.commons.cli has been deprecated
    [javac] import org.apache.commons.cli.PosixParser;
    [javac]                              ^
    [javac] /tmp/run_mutation.pl_28841_1702871581/37b/src/test/java/org/apache/commons/cli/bug/BugCLI13Test.java:25: warning: [deprecation] OptionBuilder in org.apache.commons.cli has been deprecated
    [javac] import org.apache.commons.cli.OptionBuilder;
    [javac]                              ^
    [javac] /tmp/run_mutation.pl_28841_1702871581/37b/src/test/java/org/apache/commons/cli/bug/BugCLI13Test.java:28: warning: [deprecation] PosixParser in org.apache.commons.cli has been deprecated
    [javac] import org.apache.commons.cli.PosixParser;
    [javac]                              ^
    [javac] /tmp/run_mutation.pl_28841_1702871581/37b/src/test/java/org/apache/commons/cli/bug/BugCLI148Test.java:24: warning: [deprecation] OptionBuilder in org.apache.commons.cli has been deprecated
    [javac] import org.apache.commons.cli.OptionBuilder;
    [javac]                              ^
    [javac] /tmp/run_mutation.pl_28841_1702871581/37b/src/test/java/org/apache/commons/cli/bug/BugCLI148Test.java:26: warning: [deprecation] PosixParser in org.apache.commons.cli has been deprecated
    [javac] import org.apache.commons.cli.PosixParser;
    [javac]                              ^
    [javac] warning: /root/.sdkman/candidates/java/8.0.302-open/lib/ct.sym(META-INF/sym/rt.jar/java/sql/ParameterMetaData.class): major version 52 is newer than 51, the highest major version supported by this compiler.
    [javac]   It is recommended that the compiler be upgraded.
    [javac] warning: /root/.sdkman/candidates/java/8.0.302-open/lib/ct.sym(META-INF/sym/rt.jar/java/sql/Types.class): major version 52 is newer than 51, the highest major version supported by this compiler.
    [javac]   It is recommended that the compiler be upgraded.
    [javac] warning: /root/.sdkman/candidates/java/8.0.302-open/lib/ct.sym(META-INF/sym/rt.jar/java/util/Collections.class): major version 52 is newer than 51, the highest major version supported by this compiler.
    [javac]   It is recommended that the compiler be upgraded.
    [javac] /tmp/run_mutation.pl_28841_1702871581/37b/src/test/java/org/apache/commons/cli/bug/BugCLI71Test.java:28: warning: [deprecation] PosixParser in org.apache.commons.cli has been deprecated
    [javac] import org.apache.commons.cli.PosixParser;
    [javac]                              ^
    [javac] warning: /root/.sdkman/candidates/java/8.0.302-open/lib/ct.sym(META-INF/sym/rt.jar/java/io/PrintStream.class): major version 52 is newer than 51, the highest major version supported by this compiler.
    [javac]   It is recommended that the compiler be upgraded.
    [javac] warning: /root/.sdkman/candidates/java/8.0.302-open/lib/ct.sym(META-INF/sym/rt.jar/java/util/Iterator.class): major version 52 is newer than 51, the highest major version supported by this compiler.
    [javac]   It is recommended that the compiler be upgraded.
    [javac] /tmp/run_mutation.pl_28841_1702871581/37b/src/test/java/org/apache/commons/cli/bug/BugsTest.java:32: warning: [deprecation] GnuParser in org.apache.commons.cli has been deprecated
    [javac] import org.apache.commons.cli.GnuParser;
    [javac]                              ^
    [javac] /tmp/run_mutation.pl_28841_1702871581/37b/src/test/java/org/apache/commons/cli/bug/BugsTest.java:36: warning: [deprecation] OptionBuilder in org.apache.commons.cli has been deprecated
    [javac] import org.apache.commons.cli.OptionBuilder;
    [javac]                              ^
    [javac] /tmp/run_mutation.pl_28841_1702871581/37b/src/test/java/org/apache/commons/cli/bug/BugsTest.java:40: warning: [deprecation] Parser in org.apache.commons.cli has been deprecated
    [javac] import org.apache.commons.cli.Parser;
    [javac]                              ^
    [javac] /tmp/run_mutation.pl_28841_1702871581/37b/src/test/java/org/apache/commons/cli/bug/BugsTest.java:41: warning: [deprecation] PosixParser in org.apache.commons.cli has been deprecated
    [javac] import org.apache.commons.cli.PosixParser;
    [javac]                              ^
    [javac] /root/.sdkman/candidates/java/8.0.302-open/lib/ct.sym(META-INF/sym/rt.jar/java/lang/Object.class): warning: Cannot find annotation method 'value()' in type 'Profile+Annotation': class file for jdk.Profile+Annotation not found
    [javac] /root/.sdkman/candidates/java/8.0.302-open/lib/ct.sym(META-INF/sym/rt.jar/java/io/PrintWriter.class): warning: Cannot find annotation method 'value()' in type 'Profile+Annotation'
    [javac] /root/.sdkman/candidates/java/8.0.302-open/lib/ct.sym(META-INF/sym/rt.jar/java/io/StringWriter.class): warning: Cannot find annotation method 'value()' in type 'Profile+Annotation'
    [javac] warning: /root/.sdkman/candidates/java/8.0.302-open/lib/ct.sym(META-INF/sym/rt.jar/java/lang/annotation/Retention.class): major version 52 is newer than 51, the highest major version supported by this compiler.
    [javac]   It is recommended that the compiler be upgraded.
    [javac] warning: /root/.sdkman/candidates/java/8.0.302-open/lib/ct.sym(META-INF/sym/rt.jar/java/lang/annotation/RetentionPolicy.class): major version 52 is newer than 51, the highest major version supported by this compiler.
    [javac]   It is recommended that the compiler be upgraded.
    [javac] warning: /root/.sdkman/candidates/java/8.0.302-open/lib/ct.sym(META-INF/sym/rt.jar/java/lang/annotation/Target.class): major version 52 is newer than 51, the highest major version supported by this compiler.
    [javac]   It is recommended that the compiler be upgraded.
    [javac] warning: /root/.sdkman/candidates/java/8.0.302-open/lib/ct.sym(META-INF/sym/rt.jar/java/lang/annotation/ElementType.class): major version 52 is newer than 51, the highest major version supported by this compiler.
    [javac]   It is recommended that the compiler be upgraded.
    [javac] /root/.sdkman/candidates/java/8.0.302-open/lib/ct.sym(META-INF/sym/rt.jar/java/lang/SuppressWarnings.class): warning: Cannot find annotation method 'value()' in type 'Profile+Annotation'
    [javac] warning: /root/.sdkman/candidates/java/8.0.302-open/lib/ct.sym(META-INF/sym/rt.jar/java/lang/annotation/Annotation.class): major version 52 is newer than 51, the highest major version supported by this compiler.
    [javac]   It is recommended that the compiler be upgraded.
    [javac] /root/.sdkman/candidates/java/8.0.302-open/lib/ct.sym(META-INF/sym/rt.jar/java/lang/Exception.class): warning: Cannot find annotation method 'value()' in type 'Profile+Annotation'
    [javac] /root/.sdkman/candidates/java/8.0.302-open/lib/ct.sym(META-INF/sym/rt.jar/java/util/Arrays.class): warning: Cannot find annotation method 'value()' in type 'Profile+Annotation'
    [javac] /root/.sdkman/candidates/java/8.0.302-open/lib/ct.sym(META-INF/sym/rt.jar/java/util/List.class): warning: Cannot find annotation method 'value()' in type 'Profile+Annotation'
    [javac] /root/.sdkman/candidates/java/8.0.302-open/lib/ct.sym(META-INF/sym/rt.jar/java/util/Properties.class): warning: Cannot find annotation method 'value()' in type 'Profile+Annotation'
    [javac] warning: /root/.sdkman/candidates/java/8.0.302-open/lib/ct.sym(META-INF/sym/rt.jar/java/lang/Override.class): major version 52 is newer than 51, the highest major version supported by this compiler.
    [javac]   It is recommended that the compiler be upgraded.
    [javac] /root/.sdkman/candidates/java/8.0.302-open/lib/ct.sym(META-INF/sym/rt.jar/java/lang/String.class): warning: Cannot find annotation method 'value()' in type 'Profile+Annotation'
    [javac] /root/.sdkman/candidates/java/8.0.302-open/lib/ct.sym(META-INF/sym/rt.jar/java/io/ByteArrayOutputStream.class): warning: Cannot find annotation method 'value()' in type 'Profile+Annotation'
    [javac] /root/.sdkman/candidates/java/8.0.302-open/lib/ct.sym(META-INF/sym/rt.jar/java/util/Comparator.class): warning: Cannot find annotation method 'value()' in type 'Profile+Annotation'
    [javac] warning: /root/.sdkman/candidates/java/8.0.302-open/lib/ct.sym(META-INF/sym/rt.jar/java/lang/RuntimeException.class): major version 52 is newer than 51, the highest major version supported by this compiler.
    [javac]   It is recommended that the compiler be upgraded.
    [javac] /root/.sdkman/candidates/java/8.0.302-open/lib/ct.sym(META-INF/sym/rt.jar/java/lang/Class.class): warning: Cannot find annotation method 'value()' in type 'Profile+Annotation'
    [javac] /root/.sdkman/candidates/java/8.0.302-open/lib/ct.sym(META-INF/sym/rt.jar/java/lang/Cloneable.class): warning: Cannot find annotation method 'value()' in type 'Profile+Annotation'
    [javac] /root/.sdkman/candidates/java/8.0.302-open/lib/ct.sym(META-INF/sym/rt.jar/java/io/Serializable.class): warning: Cannot find annotation method 'value()' in type 'Profile+Annotation'
    [javac] /root/.sdkman/candidates/java/8.0.302-open/lib/ct.sym(META-INF/sym/rt.jar/java/lang/IllegalArgumentException.class): warning: Cannot find annotation method 'value()' in type 'Profile+Annotation'
    [javac] /root/.sdkman/candidates/java/8.0.302-open/lib/ct.sym(META-INF/sym/rt.jar/java/util/ArrayList.class): warning: Cannot find annotation method 'value()' in type 'Profile+Annotation'
    [javac] /root/.sdkman/candidates/java/8.0.302-open/lib/ct.sym(META-INF/sym/rt.jar/java/util/Collection.class): warning: Cannot find annotation method 'value()' in type 'Profile+Annotation'
    [javac] /root/.sdkman/candidates/java/8.0.302-open/lib/ct.sym(META-INF/sym/rt.jar/java/io/File.class): warning: Cannot find annotation method 'value()' in type 'Profile+Annotation'
    [javac] /root/.sdkman/candidates/java/8.0.302-open/lib/ct.sym(META-INF/sym/rt.jar/java/net/URL.class): warning: Cannot find annotation method 'value()' in type 'Profile+Annotation'
    [javac] /root/.sdkman/candidates/java/8.0.302-open/lib/ct.sym(META-INF/sym/rt.jar/java/util/Calendar.class): warning: Cannot find annotation method 'value()' in type 'Profile+Annotation'
    [javac] /root/.sdkman/candidates/java/8.0.302-open/lib/ct.sym(META-INF/sym/rt.jar/java/util/Date.class): warning: Cannot find annotation method 'value()' in type 'Profile+Annotation'
    [javac] /root/.sdkman/candidates/java/8.0.302-open/lib/ct.sym(META-INF/sym/rt.jar/java/util/Vector.class): warning: Cannot find annotation method 'value()' in type 'Profile+Annotation'
    [javac] /root/.sdkman/candidates/java/8.0.302-open/lib/ct.sym(META-INF/sym/rt.jar/java/sql/ParameterMetaData.class): warning: Cannot find annotation method 'value()' in type 'Profile+Annotation'
    [javac] /root/.sdkman/candidates/java/8.0.302-open/lib/ct.sym(META-INF/sym/rt.jar/java/sql/Types.class): warning: Cannot find annotation method 'value()' in type 'Profile+Annotation'
    [javac] /root/.sdkman/candidates/java/8.0.302-open/lib/ct.sym(META-INF/sym/rt.jar/java/util/Collections.class): warning: Cannot find annotation method 'value()' in type 'Profile+Annotation'
    [javac] /root/.sdkman/candidates/java/8.0.302-open/lib/ct.sym(META-INF/sym/rt.jar/java/io/PrintStream.class): warning: Cannot find annotation method 'value()' in type 'Profile+Annotation'
    [javac] /root/.sdkman/candidates/java/8.0.302-open/lib/ct.sym(META-INF/sym/rt.jar/java/util/Iterator.class): warning: Cannot find annotation method 'value()' in type 'Profile+Annotation'
    [javac] /root/.sdkman/candidates/java/8.0.302-open/lib/ct.sym(META-INF/sym/rt.jar/java/lang/annotation/Retention.class): warning: Cannot find annotation method 'value()' in type 'Profile+Annotation'
    [javac] /root/.sdkman/candidates/java/8.0.302-open/lib/ct.sym(META-INF/sym/rt.jar/java/lang/annotation/RetentionPolicy.class): warning: Cannot find annotation method 'value()' in type 'Profile+Annotation'
    [javac] /root/.sdkman/candidates/java/8.0.302-open/lib/ct.sym(META-INF/sym/rt.jar/java/lang/annotation/Target.class): warning: Cannot find annotation method 'value()' in type 'Profile+Annotation'
    [javac] /root/.sdkman/candidates/java/8.0.302-open/lib/ct.sym(META-INF/sym/rt.jar/java/lang/annotation/ElementType.class): warning: Cannot find annotation method 'value()' in type 'Profile+Annotation'
    [javac] /root/.sdkman/candidates/java/8.0.302-open/lib/ct.sym(META-INF/sym/rt.jar/java/lang/annotation/Annotation.class): warning: Cannot find annotation method 'value()' in type 'Profile+Annotation'
    [javac] /root/.sdkman/candidates/java/8.0.302-open/lib/ct.sym(META-INF/sym/rt.jar/java/lang/Override.class): warning: Cannot find annotation method 'value()' in type 'Profile+Annotation'
    [javac] /root/.sdkman/candidates/java/8.0.302-open/lib/ct.sym(META-INF/sym/rt.jar/java/lang/RuntimeException.class): warning: Cannot find annotation method 'value()' in type 'Profile+Annotation'
    [javac] warning: /root/.sdkman/candidates/java/8.0.302-open/lib/ct.sym(META-INF/sym/rt.jar/java/lang/AutoCloseable.class): major version 52 is newer than 51, the highest major version supported by this compiler.
    [javac]   It is recommended that the compiler be upgraded.
    [javac] /root/.sdkman/candidates/java/8.0.302-open/lib/ct.sym(META-INF/sym/rt.jar/java/lang/AutoCloseable.class): warning: Cannot find annotation method 'value()' in type 'Profile+Annotation'
    [javac] warning: /root/.sdkman/candidates/java/8.0.302-open/lib/ct.sym(META-INF/sym/rt.jar/java/lang/Throwable.class): major version 52 is newer than 51, the highest major version supported by this compiler.
    [javac]   It is recommended that the compiler be upgraded.
    [javac] /root/.sdkman/candidates/java/8.0.302-open/lib/ct.sym(META-INF/sym/rt.jar/java/lang/Throwable.class): warning: Cannot find annotation method 'value()' in type 'Profile+Annotation'
    [javac] warning: /root/.sdkman/candidates/java/8.0.302-open/lib/ct.sym(META-INF/sym/rt.jar/java/lang/System.class): major version 52 is newer than 51, the highest major version supported by this compiler.
    [javac]   It is recommended that the compiler be upgraded.
    [javac] /root/.sdkman/candidates/java/8.0.302-open/lib/ct.sym(META-INF/sym/rt.jar/java/lang/System.class): warning: Cannot find annotation method 'value()' in type 'Profile+Annotation'
    [javac] warning: /root/.sdkman/candidates/java/8.0.302-open/lib/ct.sym(META-INF/sym/rt.jar/java/io/Writer.class): major version 52 is newer than 51, the highest major version supported by this compiler.
    [javac]   It is recommended that the compiler be upgraded.
    [javac] /root/.sdkman/candidates/java/8.0.302-open/lib/ct.sym(META-INF/sym/rt.jar/java/io/Writer.class): warning: Cannot find annotation method 'value()' in type 'Profile+Annotation'
    [javac] warning: /root/.sdkman/candidates/java/8.0.302-open/lib/ct.sym(META-INF/sym/rt.jar/java/io/OutputStream.class): major version 52 is newer than 51, the highest major version supported by this compiler.
    [javac]   It is recommended that the compiler be upgraded.
    [javac] /root/.sdkman/candidates/java/8.0.302-open/lib/ct.sym(META-INF/sym/rt.jar/java/io/OutputStream.class): warning: Cannot find annotation method 'value()' in type 'Profile+Annotation'
    [javac] warning: /root/.sdkman/candidates/java/8.0.302-open/lib/ct.sym(META-INF/sym/rt.jar/java/lang/Error.class): major version 52 is newer than 51, the highest major version supported by this compiler.
    [javac]   It is recommended that the compiler be upgraded.
    [javac] /root/.sdkman/candidates/java/8.0.302-open/lib/ct.sym(META-INF/sym/rt.jar/java/lang/Error.class): warning: Cannot find annotation method 'value()' in type 'Profile+Annotation'
    [javac] warning: /root/.sdkman/candidates/java/8.0.302-open/lib/ct.sym(META-INF/sym/rt.jar/java/lang/StringBuilder.class): major version 52 is newer than 51, the highest major version supported by this compiler.
    [javac]   It is recommended that the compiler be upgraded.
    [javac] /root/.sdkman/candidates/java/8.0.302-open/lib/ct.sym(META-INF/sym/rt.jar/java/lang/StringBuilder.class): warning: Cannot find annotation method 'value()' in type 'Profile+Annotation'
    [javac] warning: /root/.sdkman/candidates/java/8.0.302-open/lib/ct.sym(META-INF/sym/rt.jar/java/lang/CharSequence.class): major version 52 is newer than 51, the highest major version supported by this compiler.
    [javac]   It is recommended that the compiler be upgraded.
    [javac] /root/.sdkman/candidates/java/8.0.302-open/lib/ct.sym(META-INF/sym/rt.jar/java/lang/CharSequence.class): warning: Cannot find annotation method 'value()' in type 'Profile+Annotation'
    [javac] warning: /root/.sdkman/candidates/java/8.0.302-open/lib/ct.sym(META-INF/sym/rt.jar/java/lang/Comparable.class): major version 52 is newer than 51, the highest major version supported by this compiler.
    [javac]   It is recommended that the compiler be upgraded.
    [javac] /root/.sdkman/candidates/java/8.0.302-open/lib/ct.sym(META-INF/sym/rt.jar/java/lang/Comparable.class): warning: Cannot find annotation method 'value()' in type 'Profile+Annotation'
    [javac] warning: /root/.sdkman/candidates/java/8.0.302-open/lib/ct.sym(META-INF/sym/rt.jar/java/lang/AbstractStringBuilder.class): major version 52 is newer than 51, the highest major version supported by this compiler.
    [javac]   It is recommended that the compiler be upgraded.
    [javac] /root/.sdkman/candidates/java/8.0.302-open/lib/ct.sym(META-INF/sym/rt.jar/java/lang/AbstractStringBuilder.class): warning: Cannot find annotation method 'value()' in type 'Profile+Annotation'
    [javac] warning: /root/.sdkman/candidates/java/8.0.302-open/lib/ct.sym(META-INF/sym/rt.jar/java/lang/StringBuffer.class): major version 52 is newer than 51, the highest major version supported by this compiler.
    [javac]   It is recommended that the compiler be upgraded.
    [javac] Note: Some input files additionally use or override a deprecated API.
    [javac] 100 warnings
    [mkdir] Created dir: /tmp/run_mutation.pl_28841_1702871581/37b/target/test-classes/META-INF
     [copy] Copying 2 files to /tmp/run_mutation.pl_28841_1702871581/37b/target/test-classes/META-INF

compile.tests:

update.all.tests:

mutation.test:
     [echo] Running mutation analysis ...
    [junit] MAJOR: Mutation analysis enabled
    [junit] MAJOR: ------------------------------------------------------------
    [junit] MAJOR: Run 1 ordered test to verify independence
    [junit] MAJOR: ------------------------------------------------------------
    [junit] MAJOR: Preprocessing time: 0.88 seconds
    [junit] MAJOR: ------------------------------------------------------------
    [junit] MAJOR: Mutants generated: 371
    [junit] MAJOR: Mutants covered:   322 (86.79%)
    [junit] MAJOR: ------------------------------------------------------------
    [junit] MAJOR: Export test map to testMap.csv
    [junit] MAJOR: ------------------------------------------------------------
    [junit] MAJOR: Run mutation analysis with 1 individual test
    [junit] MAJOR: ------------------------------------------------------------
    [junit] MAJOR: [1;34m1/1 - org.apache.commons.cli.DefaultParser_ESTest (190ms / 322):[0m
    [junit] MAJOR: 84768 (200 / 322 / 322) -> AVG-RTPM: 263ms
    [junit] MAJOR: Mutants killed / live: 200 (61-139-0) / 122
    [junit] MAJOR: ------------------------------------------------------------
    [junit] MAJOR: Summary:
    [junit] MAJOR: 
    [junit] MAJOR: Analysis time:  84.8 seconds
    [junit] MAJOR: Mutation score: 53.91% (62.11%)
    [junit] MAJOR: Mutants killed / live: 200 (61-139-0) / 122
    [junit] MAJOR: Mutant executions: 322
    [junit] MAJOR: ------------------------------------------------------------
    [junit] MAJOR: Export summary of results to summary.csv
    [junit] MAJOR: Export mutant kill details to /tmp/run_mutation.pl_28841_1702871581/37b/kill.csv

BUILD SUCCESSFUL
Total time: 1 minute 26 seconds
