
test-offline:

get-deps:

commons-codec-from-maven.compile:
    [javac] /tmp/run_mutation.pl_26103_1702872439/17b/maven-build.xml:78: warning: 'includeantruntime' was not set, defaulting to build.sysclasspath=last; set to false for repeatable builds

compile:

commons-codec-from-maven.compile-tests:
    [mkdir] Created dir: /tmp/run_mutation.pl_26103_1702872439/17b/target/test-classes
    [javac] /tmp/run_mutation.pl_26103_1702872439/17b/maven-build.xml:114: warning: 'includeantruntime' was not set, defaulting to build.sysclasspath=last; set to false for repeatable builds
    [javac] Compiling 59 source files to /tmp/run_mutation.pl_26103_1702872439/17b/target/test-classes
    [javac] Picked up JAVA_TOOL_OPTIONS: -Dfile.encoding=UTF8
    [javac] warning: [options] bootstrap class path not set in conjunction with -source 1.6
    [javac] warning: /root/.sdkman/candidates/java/8.0.302-open/lib/ct.sym(META-INF/sym/rt.jar/java/lang/Object.class): major version 52 is newer than 51, the highest major version supported by this compiler.
    [javac]   It is recommended that the compiler be upgraded.
    [javac] warning: /root/.sdkman/candidates/java/8.0.302-open/lib/ct.sym(META-INF/sym/rt.jar/java/lang/Exception.class): major version 52 is newer than 51, the highest major version supported by this compiler.
    [javac]   It is recommended that the compiler be upgraded.
    [javac] warning: /root/.sdkman/candidates/java/8.0.302-open/lib/ct.sym(META-INF/sym/rt.jar/java/nio/charset/Charset.class): major version 52 is newer than 51, the highest major version supported by this compiler.
    [javac]   It is recommended that the compiler be upgraded.
    [javac] warning: /root/.sdkman/candidates/java/8.0.302-open/lib/ct.sym(META-INF/sym/rt.jar/java/lang/String.class): major version 52 is newer than 51, the highest major version supported by this compiler.
    [javac]   It is recommended that the compiler be upgraded.
    [javac] warning: /root/.sdkman/candidates/java/8.0.302-open/lib/ct.sym(META-INF/sym/rt.jar/java/lang/Throwable.class): major version 52 is newer than 51, the highest major version supported by this compiler.
    [javac]   It is recommended that the compiler be upgraded.
    [javac] warning: /root/.sdkman/candidates/java/8.0.302-open/lib/ct.sym(META-INF/sym/rt.jar/java/util/Locale.class): major version 52 is newer than 51, the highest major version supported by this compiler.
    [javac]   It is recommended that the compiler be upgraded.
    [javac] warning: /root/.sdkman/candidates/java/8.0.302-open/lib/ct.sym(META-INF/sym/rt.jar/java/util/Arrays.class): major version 52 is newer than 51, the highest major version supported by this compiler.
    [javac]   It is recommended that the compiler be upgraded.
    [javac] warning: /root/.sdkman/candidates/java/8.0.302-open/lib/ct.sym(META-INF/sym/rt.jar/java/util/Collections.class): major version 52 is newer than 51, the highest major version supported by this compiler.
    [javac]   It is recommended that the compiler be upgraded.
    [javac] warning: /root/.sdkman/candidates/java/8.0.302-open/lib/ct.sym(META-INF/sym/rt.jar/java/util/List.class): major version 52 is newer than 51, the highest major version supported by this compiler.
    [javac]   It is recommended that the compiler be upgraded.
    [javac] warning: /root/.sdkman/candidates/java/8.0.302-open/lib/ct.sym(META-INF/sym/rt.jar/java/io/ByteArrayInputStream.class): major version 52 is newer than 51, the highest major version supported by this compiler.
    [javac]   It is recommended that the compiler be upgraded.
    [javac] warning: /root/.sdkman/candidates/java/8.0.302-open/lib/ct.sym(META-INF/sym/rt.jar/java/io/ByteArrayOutputStream.class): major version 52 is newer than 51, the highest major version supported by this compiler.
    [javac]   It is recommended that the compiler be upgraded.
    [javac] warning: /root/.sdkman/candidates/java/8.0.302-open/lib/ct.sym(META-INF/sym/rt.jar/java/io/IOException.class): major version 52 is newer than 51, the highest major version supported by this compiler.
    [javac]   It is recommended that the compiler be upgraded.
    [javac] warning: /root/.sdkman/candidates/java/8.0.302-open/lib/ct.sym(META-INF/sym/rt.jar/java/io/InputStream.class): major version 52 is newer than 51, the highest major version supported by this compiler.
    [javac]   It is recommended that the compiler be upgraded.
    [javac] warning: /root/.sdkman/candidates/java/8.0.302-open/lib/ct.sym(META-INF/sym/rt.jar/java/io/OutputStream.class): major version 52 is newer than 51, the highest major version supported by this compiler.
    [javac]   It is recommended that the compiler be upgraded.
    [javac] warning: /root/.sdkman/candidates/java/8.0.302-open/lib/ct.sym(META-INF/sym/rt.jar/java/util/Random.class): major version 52 is newer than 51, the highest major version supported by this compiler.
    [javac]   It is recommended that the compiler be upgraded.
    [javac] warning: /root/.sdkman/candidates/java/8.0.302-open/lib/ct.sym(META-INF/sym/rt.jar/java/io/BufferedReader.class): major version 52 is newer than 51, the highest major version supported by this compiler.
    [javac]   It is recommended that the compiler be upgraded.
    [javac] warning: /root/.sdkman/candidates/java/8.0.302-open/lib/ct.sym(META-INF/sym/rt.jar/java/io/InputStreamReader.class): major version 52 is newer than 51, the highest major version supported by this compiler.
    [javac]   It is recommended that the compiler be upgraded.
    [javac] warning: /root/.sdkman/candidates/java/8.0.302-open/lib/ct.sym(META-INF/sym/rt.jar/java/math/BigInteger.class): major version 52 is newer than 51, the highest major version supported by this compiler.
    [javac]   It is recommended that the compiler be upgraded.
    [javac] warning: /root/.sdkman/candidates/java/8.0.302-open/lib/ct.sym(META-INF/sym/rt.jar/java/io/Closeable.class): major version 52 is newer than 51, the highest major version supported by this compiler.
    [javac]   It is recommended that the compiler be upgraded.
    [javac] warning: /root/.sdkman/candidates/java/8.0.302-open/lib/ct.sym(META-INF/sym/rt.jar/java/lang/AutoCloseable.class): major version 52 is newer than 51, the highest major version supported by this compiler.
    [javac]   It is recommended that the compiler be upgraded.
    [javac] warning: /root/.sdkman/candidates/java/8.0.302-open/lib/ct.sym(META-INF/sym/rt.jar/java/io/UnsupportedEncodingException.class): major version 52 is newer than 51, the highest major version supported by this compiler.
    [javac]   It is recommended that the compiler be upgraded.
    [javac] warning: /root/.sdkman/candidates/java/8.0.302-open/lib/ct.sym(META-INF/sym/rt.jar/java/nio/ByteBuffer.class): major version 52 is newer than 51, the highest major version supported by this compiler.
    [javac]   It is recommended that the compiler be upgraded.
    [javac] warning: /root/.sdkman/candidates/java/8.0.302-open/lib/ct.sym(META-INF/sym/rt.jar/java/nio/charset/UnsupportedCharsetException.class): major version 52 is newer than 51, the highest major version supported by this compiler.
    [javac]   It is recommended that the compiler be upgraded.
    [javac] warning: /root/.sdkman/candidates/java/8.0.302-open/lib/ct.sym(META-INF/sym/rt.jar/java/io/File.class): major version 52 is newer than 51, the highest major version supported by this compiler.
    [javac]   It is recommended that the compiler be upgraded.
    [javac] warning: /root/.sdkman/candidates/java/8.0.302-open/lib/ct.sym(META-INF/sym/rt.jar/java/io/FileOutputStream.class): major version 52 is newer than 51, the highest major version supported by this compiler.
    [javac]   It is recommended that the compiler be upgraded.
    [javac] warning: /root/.sdkman/candidates/java/8.0.302-open/lib/ct.sym(META-INF/sym/rt.jar/java/security/MessageDigest.class): major version 52 is newer than 51, the highest major version supported by this compiler.
    [javac]   It is recommended that the compiler be upgraded.
    [javac] warning: /root/.sdkman/candidates/java/8.0.302-open/lib/ct.sym(META-INF/sym/rt.jar/java/security/NoSuchAlgorithmException.class): major version 52 is newer than 51, the highest major version supported by this compiler.
    [javac]   It is recommended that the compiler be upgraded.
    [javac] warning: /root/.sdkman/candidates/java/8.0.302-open/lib/ct.sym(META-INF/sym/rt.jar/java/util/Collection.class): major version 52 is newer than 51, the highest major version supported by this compiler.
    [javac]   It is recommended that the compiler be upgraded.
    [javac] warning: /root/.sdkman/candidates/java/8.0.302-open/jre/lib/jce.jar(javax/crypto/Mac.class): major version 52 is newer than 51, the highest major version supported by this compiler.
    [javac]   It is recommended that the compiler be upgraded.
    [javac] warning: /root/.sdkman/candidates/java/8.0.302-open/jre/lib/jce.jar(javax/crypto/spec/SecretKeySpec.class): major version 52 is newer than 51, the highest major version supported by this compiler.
    [javac]   It is recommended that the compiler be upgraded.
    [javac] warning: /root/.sdkman/candidates/java/8.0.302-open/lib/ct.sym(META-INF/sym/rt.jar/java/lang/SuppressWarnings.class): major version 52 is newer than 51, the highest major version supported by this compiler.
    [javac]   It is recommended that the compiler be upgraded.
    [javac] warning: /root/.sdkman/candidates/java/8.0.302-open/lib/ct.sym(META-INF/sym/rt.jar/java/lang/reflect/Field.class): major version 52 is newer than 51, the highest major version supported by this compiler.
    [javac]   It is recommended that the compiler be upgraded.
    [javac] warning: /root/.sdkman/candidates/java/8.0.302-open/lib/ct.sym(META-INF/sym/rt.jar/java/lang/reflect/Modifier.class): major version 52 is newer than 51, the highest major version supported by this compiler.
    [javac]   It is recommended that the compiler be upgraded.
    [javac] warning: /root/.sdkman/candidates/java/8.0.302-open/lib/ct.sym(META-INF/sym/rt.jar/java/io/FileNotFoundException.class): major version 52 is newer than 51, the highest major version supported by this compiler.
    [javac]   It is recommended that the compiler be upgraded.
    [javac] warning: /root/.sdkman/candidates/java/8.0.302-open/lib/ct.sym(META-INF/sym/rt.jar/java/io/PrintStream.class): major version 52 is newer than 51, the highest major version supported by this compiler.
    [javac]   It is recommended that the compiler be upgraded.
    [javac] warning: /root/.sdkman/candidates/java/8.0.302-open/lib/ct.sym(META-INF/sym/rt.jar/java/lang/reflect/Constructor.class): major version 52 is newer than 51, the highest major version supported by this compiler.
    [javac]   It is recommended that the compiler be upgraded.
    [javac] warning: /root/.sdkman/candidates/java/8.0.302-open/lib/ct.sym(META-INF/sym/rt.jar/java/util/ArrayList.class): major version 52 is newer than 51, the highest major version supported by this compiler.
    [javac]   It is recommended that the compiler be upgraded.
    [javac] warning: /root/.sdkman/candidates/java/8.0.302-open/lib/ct.sym(META-INF/sym/rt.jar/java/util/Properties.class): major version 52 is newer than 51, the highest major version supported by this compiler.
    [javac]   It is recommended that the compiler be upgraded.
    [javac] warning: /root/.sdkman/candidates/java/8.0.302-open/lib/ct.sym(META-INF/sym/rt.jar/java/util/zip/CRC32.class): major version 52 is newer than 51, the highest major version supported by this compiler.
    [javac]   It is recommended that the compiler be upgraded.
    [javac] warning: /root/.sdkman/candidates/java/8.0.302-open/lib/ct.sym(META-INF/sym/rt.jar/java/util/zip/Checksum.class): major version 52 is newer than 51, the highest major version supported by this compiler.
    [javac]   It is recommended that the compiler be upgraded.
    [javac] warning: /root/.sdkman/candidates/java/8.0.302-open/lib/ct.sym(META-INF/sym/rt.jar/java/lang/Class.class): major version 52 is newer than 51, the highest major version supported by this compiler.
    [javac]   It is recommended that the compiler be upgraded.
    [javac] warning: /root/.sdkman/candidates/java/8.0.302-open/lib/ct.sym(META-INF/sym/rt.jar/java/lang/CharSequence.class): major version 52 is newer than 51, the highest major version supported by this compiler.
    [javac]   It is recommended that the compiler be upgraded.
    [javac] warning: /root/.sdkman/candidates/java/8.0.302-open/lib/ct.sym(META-INF/sym/rt.jar/java/util/HashSet.class): major version 52 is newer than 51, the highest major version supported by this compiler.
    [javac]   It is recommended that the compiler be upgraded.
    [javac] warning: /root/.sdkman/candidates/java/8.0.302-open/lib/ct.sym(META-INF/sym/rt.jar/java/util/Map.class): major version 52 is newer than 51, the highest major version supported by this compiler.
    [javac]   It is recommended that the compiler be upgraded.
    [javac] warning: /root/.sdkman/candidates/java/8.0.302-open/lib/ct.sym(META-INF/sym/rt.jar/java/util/TreeMap.class): major version 52 is newer than 51, the highest major version supported by this compiler.
    [javac]   It is recommended that the compiler be upgraded.
    [javac] warning: /root/.sdkman/candidates/java/8.0.302-open/lib/ct.sym(META-INF/sym/rt.jar/java/lang/Integer.class): major version 52 is newer than 51, the highest major version supported by this compiler.
    [javac]   It is recommended that the compiler be upgraded.
    [javac] warning: /root/.sdkman/candidates/java/8.0.302-open/lib/ct.sym(META-INF/sym/rt.jar/java/lang/annotation/Retention.class): major version 52 is newer than 51, the highest major version supported by this compiler.
    [javac]   It is recommended that the compiler be upgraded.
    [javac] warning: /root/.sdkman/candidates/java/8.0.302-open/lib/ct.sym(META-INF/sym/rt.jar/java/lang/annotation/RetentionPolicy.class): major version 52 is newer than 51, the highest major version supported by this compiler.
    [javac]   It is recommended that the compiler be upgraded.
    [javac] warning: /root/.sdkman/candidates/java/8.0.302-open/lib/ct.sym(META-INF/sym/rt.jar/java/lang/annotation/Target.class): major version 52 is newer than 51, the highest major version supported by this compiler.
    [javac]   It is recommended that the compiler be upgraded.
    [javac] warning: /root/.sdkman/candidates/java/8.0.302-open/lib/ct.sym(META-INF/sym/rt.jar/java/lang/annotation/ElementType.class): major version 52 is newer than 51, the highest major version supported by this compiler.
    [javac]   It is recommended that the compiler be upgraded.
    [javac] /root/.sdkman/candidates/java/8.0.302-open/lib/ct.sym(META-INF/sym/rt.jar/java/lang/Object.class): warning: Cannot find annotation method 'value()' in type 'Profile+Annotation': class file for jdk.Profile+Annotation not found
    [javac] /root/.sdkman/candidates/java/8.0.302-open/lib/ct.sym(META-INF/sym/rt.jar/java/lang/Exception.class): warning: Cannot find annotation method 'value()' in type 'Profile+Annotation'
    [javac] warning: /root/.sdkman/candidates/java/8.0.302-open/lib/ct.sym(META-INF/sym/rt.jar/java/lang/annotation/Annotation.class): major version 52 is newer than 51, the highest major version supported by this compiler.
    [javac]   It is recommended that the compiler be upgraded.
    [javac] /root/.sdkman/candidates/java/8.0.302-open/lib/ct.sym(META-INF/sym/rt.jar/java/nio/charset/Charset.class): warning: Cannot find annotation method 'value()' in type 'Profile+Annotation'
    [javac] /root/.sdkman/candidates/java/8.0.302-open/lib/ct.sym(META-INF/sym/rt.jar/java/lang/String.class): warning: Cannot find annotation method 'value()' in type 'Profile+Annotation'
    [javac] /root/.sdkman/candidates/java/8.0.302-open/lib/ct.sym(META-INF/sym/rt.jar/java/lang/Throwable.class): warning: Cannot find annotation method 'value()' in type 'Profile+Annotation'
    [javac] /root/.sdkman/candidates/java/8.0.302-open/lib/ct.sym(META-INF/sym/rt.jar/java/util/Locale.class): warning: Cannot find annotation method 'value()' in type 'Profile+Annotation'
    [javac] /root/.sdkman/candidates/java/8.0.302-open/lib/ct.sym(META-INF/sym/rt.jar/java/util/Arrays.class): warning: Cannot find annotation method 'value()' in type 'Profile+Annotation'
    [javac] /root/.sdkman/candidates/java/8.0.302-open/lib/ct.sym(META-INF/sym/rt.jar/java/util/Collections.class): warning: Cannot find annotation method 'value()' in type 'Profile+Annotation'
    [javac] /root/.sdkman/candidates/java/8.0.302-open/lib/ct.sym(META-INF/sym/rt.jar/java/util/List.class): warning: Cannot find annotation method 'value()' in type 'Profile+Annotation'
    [javac] /root/.sdkman/candidates/java/8.0.302-open/lib/ct.sym(META-INF/sym/rt.jar/java/io/ByteArrayInputStream.class): warning: Cannot find annotation method 'value()' in type 'Profile+Annotation'
    [javac] /root/.sdkman/candidates/java/8.0.302-open/lib/ct.sym(META-INF/sym/rt.jar/java/io/ByteArrayOutputStream.class): warning: Cannot find annotation method 'value()' in type 'Profile+Annotation'
    [javac] /root/.sdkman/candidates/java/8.0.302-open/lib/ct.sym(META-INF/sym/rt.jar/java/io/IOException.class): warning: Cannot find annotation method 'value()' in type 'Profile+Annotation'
    [javac] /root/.sdkman/candidates/java/8.0.302-open/lib/ct.sym(META-INF/sym/rt.jar/java/io/InputStream.class): warning: Cannot find annotation method 'value()' in type 'Profile+Annotation'
    [javac] warning: /root/.sdkman/candidates/java/8.0.302-open/lib/ct.sym(META-INF/sym/rt.jar/java/lang/IllegalArgumentException.class): major version 52 is newer than 51, the highest major version supported by this compiler.
    [javac]   It is recommended that the compiler be upgraded.
    [javac] warning: /root/.sdkman/candidates/java/8.0.302-open/lib/ct.sym(META-INF/sym/rt.jar/java/lang/RuntimeException.class): major version 52 is newer than 51, the highest major version supported by this compiler.
    [javac]   It is recommended that the compiler be upgraded.
    [javac] /root/.sdkman/candidates/java/8.0.302-open/lib/ct.sym(META-INF/sym/rt.jar/java/io/OutputStream.class): warning: Cannot find annotation method 'value()' in type 'Profile+Annotation'
    [javac] /root/.sdkman/candidates/java/8.0.302-open/lib/ct.sym(META-INF/sym/rt.jar/java/util/Random.class): warning: Cannot find annotation method 'value()' in type 'Profile+Annotation'
    [javac] /root/.sdkman/candidates/java/8.0.302-open/lib/ct.sym(META-INF/sym/rt.jar/java/io/BufferedReader.class): warning: Cannot find annotation method 'value()' in type 'Profile+Annotation'
    [javac] /root/.sdkman/candidates/java/8.0.302-open/lib/ct.sym(META-INF/sym/rt.jar/java/io/InputStreamReader.class): warning: Cannot find annotation method 'value()' in type 'Profile+Annotation'
    [javac] /root/.sdkman/candidates/java/8.0.302-open/lib/ct.sym(META-INF/sym/rt.jar/java/math/BigInteger.class): warning: Cannot find annotation method 'value()' in type 'Profile+Annotation'
    [javac] /root/.sdkman/candidates/java/8.0.302-open/lib/ct.sym(META-INF/sym/rt.jar/java/io/Closeable.class): warning: Cannot find annotation method 'value()' in type 'Profile+Annotation'
    [javac] /root/.sdkman/candidates/java/8.0.302-open/lib/ct.sym(META-INF/sym/rt.jar/java/lang/AutoCloseable.class): warning: Cannot find annotation method 'value()' in type 'Profile+Annotation'
    [javac] warning: /root/.sdkman/candidates/java/8.0.302-open/lib/ct.sym(META-INF/sym/rt.jar/java/lang/Override.class): major version 52 is newer than 51, the highest major version supported by this compiler.
    [javac]   It is recommended that the compiler be upgraded.
    [javac] /root/.sdkman/candidates/java/8.0.302-open/lib/ct.sym(META-INF/sym/rt.jar/java/io/UnsupportedEncodingException.class): warning: Cannot find annotation method 'value()' in type 'Profile+Annotation'
    [javac] /root/.sdkman/candidates/java/8.0.302-open/lib/ct.sym(META-INF/sym/rt.jar/java/nio/ByteBuffer.class): warning: Cannot find annotation method 'value()' in type 'Profile+Annotation'
    [javac] /root/.sdkman/candidates/java/8.0.302-open/lib/ct.sym(META-INF/sym/rt.jar/java/nio/charset/UnsupportedCharsetException.class): warning: Cannot find annotation method 'value()' in type 'Profile+Annotation'
    [javac] warning: /root/.sdkman/candidates/java/8.0.302-open/lib/ct.sym(META-INF/sym/rt.jar/java/lang/NullPointerException.class): major version 52 is newer than 51, the highest major version supported by this compiler.
    [javac]   It is recommended that the compiler be upgraded.
    [javac] /root/.sdkman/candidates/java/8.0.302-open/lib/ct.sym(META-INF/sym/rt.jar/java/io/File.class): warning: Cannot find annotation method 'value()' in type 'Profile+Annotation'
    [javac] /root/.sdkman/candidates/java/8.0.302-open/lib/ct.sym(META-INF/sym/rt.jar/java/io/FileOutputStream.class): warning: Cannot find annotation method 'value()' in type 'Profile+Annotation'
    [javac] /root/.sdkman/candidates/java/8.0.302-open/lib/ct.sym(META-INF/sym/rt.jar/java/security/MessageDigest.class): warning: Cannot find annotation method 'value()' in type 'Profile+Annotation'
    [javac] /root/.sdkman/candidates/java/8.0.302-open/lib/ct.sym(META-INF/sym/rt.jar/java/security/NoSuchAlgorithmException.class): warning: Cannot find annotation method 'value()' in type 'Profile+Annotation'
    [javac] /root/.sdkman/candidates/java/8.0.302-open/lib/ct.sym(META-INF/sym/rt.jar/java/util/Collection.class): warning: Cannot find annotation method 'value()' in type 'Profile+Annotation'
    [javac] /root/.sdkman/candidates/java/8.0.302-open/lib/ct.sym(META-INF/sym/rt.jar/java/lang/SuppressWarnings.class): warning: Cannot find annotation method 'value()' in type 'Profile+Annotation'
    [javac] /root/.sdkman/candidates/java/8.0.302-open/lib/ct.sym(META-INF/sym/rt.jar/java/lang/reflect/Field.class): warning: Cannot find annotation method 'value()' in type 'Profile+Annotation'
    [javac] /root/.sdkman/candidates/java/8.0.302-open/lib/ct.sym(META-INF/sym/rt.jar/java/lang/reflect/Modifier.class): warning: Cannot find annotation method 'value()' in type 'Profile+Annotation'
    [javac] /root/.sdkman/candidates/java/8.0.302-open/lib/ct.sym(META-INF/sym/rt.jar/java/io/FileNotFoundException.class): warning: Cannot find annotation method 'value()' in type 'Profile+Annotation'
    [javac] /root/.sdkman/candidates/java/8.0.302-open/lib/ct.sym(META-INF/sym/rt.jar/java/io/PrintStream.class): warning: Cannot find annotation method 'value()' in type 'Profile+Annotation'
    [javac] /root/.sdkman/candidates/java/8.0.302-open/lib/ct.sym(META-INF/sym/rt.jar/java/lang/reflect/Constructor.class): warning: Cannot find annotation method 'value()' in type 'Profile+Annotation'
    [javac] /root/.sdkman/candidates/java/8.0.302-open/lib/ct.sym(META-INF/sym/rt.jar/java/util/ArrayList.class): warning: Cannot find annotation method 'value()' in type 'Profile+Annotation'
    [javac] /root/.sdkman/candidates/java/8.0.302-open/lib/ct.sym(META-INF/sym/rt.jar/java/util/Properties.class): warning: Cannot find annotation method 'value()' in type 'Profile+Annotation'
    [javac] /root/.sdkman/candidates/java/8.0.302-open/lib/ct.sym(META-INF/sym/rt.jar/java/util/zip/CRC32.class): warning: Cannot find annotation method 'value()' in type 'Profile+Annotation'
    [javac] /root/.sdkman/candidates/java/8.0.302-open/lib/ct.sym(META-INF/sym/rt.jar/java/util/zip/Checksum.class): warning: Cannot find annotation method 'value()' in type 'Profile+Annotation'
    [javac] /root/.sdkman/candidates/java/8.0.302-open/lib/ct.sym(META-INF/sym/rt.jar/java/lang/Class.class): warning: Cannot find annotation method 'value()' in type 'Profile+Annotation'
    [javac] warning: /root/.sdkman/candidates/java/8.0.302-open/lib/ct.sym(META-INF/sym/rt.jar/java/lang/IllegalStateException.class): major version 52 is newer than 51, the highest major version supported by this compiler.
    [javac]   It is recommended that the compiler be upgraded.
    [javac] warning: /root/.sdkman/candidates/java/8.0.302-open/lib/ct.sym(META-INF/sym/rt.jar/java/lang/IndexOutOfBoundsException.class): major version 52 is newer than 51, the highest major version supported by this compiler.
    [javac]   It is recommended that the compiler be upgraded.
    [javac] /root/.sdkman/candidates/java/8.0.302-open/lib/ct.sym(META-INF/sym/rt.jar/java/lang/CharSequence.class): warning: Cannot find annotation method 'value()' in type 'Profile+Annotation'
    [javac] /root/.sdkman/candidates/java/8.0.302-open/lib/ct.sym(META-INF/sym/rt.jar/java/util/HashSet.class): warning: Cannot find annotation method 'value()' in type 'Profile+Annotation'
    [javac] /root/.sdkman/candidates/java/8.0.302-open/lib/ct.sym(META-INF/sym/rt.jar/java/util/Map.class): warning: Cannot find annotation method 'value()' in type 'Profile+Annotation'
    [javac] 100 warnings
    [mkdir] Created dir: /tmp/run_mutation.pl_26103_1702872439/17b/target/test-classes/META-INF
     [copy] Copying 2 files to /tmp/run_mutation.pl_26103_1702872439/17b/target/test-classes/META-INF

compile.tests:

update.all.tests:

mutation.test:
     [echo] Running mutation analysis ...
    [junit] MAJOR: Mutation analysis enabled
    [junit] MAJOR: ------------------------------------------------------------
    [junit] MAJOR: Run 1 ordered test to verify independence
    [junit] MAJOR: ------------------------------------------------------------
    [junit] MAJOR: Preprocessing time: 0.59 seconds
    [junit] MAJOR: ------------------------------------------------------------
    [junit] MAJOR: Mutants generated: 23
    [junit] MAJOR: Mutants covered:   23 (100.00%)
    [junit] MAJOR: ------------------------------------------------------------
    [junit] MAJOR: Export test map to testMap.csv
    [junit] MAJOR: ------------------------------------------------------------
    [junit] MAJOR: Run mutation analysis with 1 individual test
    [junit] MAJOR: ------------------------------------------------------------
    [junit] MAJOR: [1;34m1/1 - org.apache.commons.codec.binary.StringUtils_ESTest (80ms / 23):[0m
    [junit] MAJOR: 4017 (15 / 23 / 23) -> AVG-RTPM: 174ms
    [junit] MAJOR: Mutants killed / live: 15 (4-11-0) / 8
    [junit] MAJOR: ------------------------------------------------------------
    [junit] MAJOR: Summary:
    [junit] MAJOR: 
    [junit] MAJOR: Analysis time:  4.0 seconds
    [junit] MAJOR: Mutation score: 65.22% (65.22%)
    [junit] MAJOR: Mutants killed / live: 15 (4-11-0) / 8
    [junit] MAJOR: Mutant executions: 23
    [junit] MAJOR: ------------------------------------------------------------
    [junit] MAJOR: Export summary of results to summary.csv
    [junit] MAJOR: Export mutant kill details to /tmp/run_mutation.pl_26103_1702872439/17b/kill.csv

BUILD SUCCESSFUL
Total time: 6 seconds
