
test-offline:

get-deps:

commons-csv-from-maven.compile:
    [javac] /tmp/run_mutation.pl_15647_1702889908/1b/maven-build.xml:77: warning: 'includeantruntime' was not set, defaulting to build.sysclasspath=last; set to false for repeatable builds

compile:

commons-csv-from-maven.compile-tests:
    [mkdir] Created dir: /tmp/run_mutation.pl_15647_1702889908/1b/target/test-classes
    [javac] /tmp/run_mutation.pl_15647_1702889908/1b/maven-build.xml:110: warning: 'includeantruntime' was not set, defaulting to build.sysclasspath=last; set to false for repeatable builds
    [javac] Compiling 7 source files to /tmp/run_mutation.pl_15647_1702889908/1b/target/test-classes
    [javac] Picked up JAVA_TOOL_OPTIONS: -Dfile.encoding=UTF8
    [javac] warning: [options] bootstrap class path not set in conjunction with -source 1.5
    [javac] warning: /root/.sdkman/candidates/java/8.0.302-open/lib/ct.sym(META-INF/sym/rt.jar/java/io/ByteArrayInputStream.class): major version 52 is newer than 51, the highest major version supported by this compiler.
    [javac]   It is recommended that the compiler be upgraded.
    [javac] warning: /root/.sdkman/candidates/java/8.0.302-open/lib/ct.sym(META-INF/sym/rt.jar/java/io/ByteArrayOutputStream.class): major version 52 is newer than 51, the highest major version supported by this compiler.
    [javac]   It is recommended that the compiler be upgraded.
    [javac] warning: /root/.sdkman/candidates/java/8.0.302-open/lib/ct.sym(META-INF/sym/rt.jar/java/io/ObjectInputStream.class): major version 52 is newer than 51, the highest major version supported by this compiler.
    [javac]   It is recommended that the compiler be upgraded.
    [javac] warning: /root/.sdkman/candidates/java/8.0.302-open/lib/ct.sym(META-INF/sym/rt.jar/java/io/ObjectOutputStream.class): major version 52 is newer than 51, the highest major version supported by this compiler.
    [javac]   It is recommended that the compiler be upgraded.
    [javac] warning: /root/.sdkman/candidates/java/8.0.302-open/lib/ct.sym(META-INF/sym/rt.jar/java/lang/Object.class): major version 52 is newer than 51, the highest major version supported by this compiler.
    [javac]   It is recommended that the compiler be upgraded.
    [javac] warning: /root/.sdkman/candidates/java/8.0.302-open/lib/ct.sym(META-INF/sym/rt.jar/java/lang/Exception.class): major version 52 is newer than 51, the highest major version supported by this compiler.
    [javac]   It is recommended that the compiler be upgraded.
    [javac] warning: /root/.sdkman/candidates/java/8.0.302-open/lib/ct.sym(META-INF/sym/rt.jar/java/io/IOException.class): major version 52 is newer than 51, the highest major version supported by this compiler.
    [javac]   It is recommended that the compiler be upgraded.
    [javac] warning: /root/.sdkman/candidates/java/8.0.302-open/lib/ct.sym(META-INF/sym/rt.jar/java/lang/Enum.class): major version 52 is newer than 51, the highest major version supported by this compiler.
    [javac]   It is recommended that the compiler be upgraded.
    [javac] warning: /root/.sdkman/candidates/java/8.0.302-open/lib/ct.sym(META-INF/sym/rt.jar/java/lang/Comparable.class): major version 52 is newer than 51, the highest major version supported by this compiler.
    [javac]   It is recommended that the compiler be upgraded.
    [javac] warning: /root/.sdkman/candidates/java/8.0.302-open/lib/ct.sym(META-INF/sym/rt.jar/java/io/Serializable.class): major version 52 is newer than 51, the highest major version supported by this compiler.
    [javac]   It is recommended that the compiler be upgraded.
    [javac] warning: /root/.sdkman/candidates/java/8.0.302-open/lib/ct.sym(META-INF/sym/rt.jar/java/lang/StringBuilder.class): major version 52 is newer than 51, the highest major version supported by this compiler.
    [javac]   It is recommended that the compiler be upgraded.
    [javac] warning: /root/.sdkman/candidates/java/8.0.302-open/lib/ct.sym(META-INF/sym/rt.jar/java/io/StringReader.class): major version 52 is newer than 51, the highest major version supported by this compiler.
    [javac]   It is recommended that the compiler be upgraded.
    [javac] warning: /root/.sdkman/candidates/java/8.0.302-open/lib/ct.sym(META-INF/sym/rt.jar/java/lang/String.class): major version 52 is newer than 51, the highest major version supported by this compiler.
    [javac]   It is recommended that the compiler be upgraded.
    [javac] warning: /root/.sdkman/candidates/java/8.0.302-open/lib/ct.sym(META-INF/sym/rt.jar/java/io/Reader.class): major version 52 is newer than 51, the highest major version supported by this compiler.
    [javac]   It is recommended that the compiler be upgraded.
    [javac] warning: /root/.sdkman/candidates/java/8.0.302-open/lib/ct.sym(META-INF/sym/rt.jar/java/util/ArrayList.class): major version 52 is newer than 51, the highest major version supported by this compiler.
    [javac]   It is recommended that the compiler be upgraded.
    [javac] warning: /root/.sdkman/candidates/java/8.0.302-open/lib/ct.sym(META-INF/sym/rt.jar/java/util/Iterator.class): major version 52 is newer than 51, the highest major version supported by this compiler.
    [javac]   It is recommended that the compiler be upgraded.
    [javac] warning: /root/.sdkman/candidates/java/8.0.302-open/lib/ct.sym(META-INF/sym/rt.jar/java/util/List.class): major version 52 is newer than 51, the highest major version supported by this compiler.
    [javac]   It is recommended that the compiler be upgraded.
    [javac] warning: /root/.sdkman/candidates/java/8.0.302-open/lib/ct.sym(META-INF/sym/rt.jar/java/util/NoSuchElementException.class): major version 52 is newer than 51, the highest major version supported by this compiler.
    [javac]   It is recommended that the compiler be upgraded.
    [javac] warning: /root/.sdkman/candidates/java/8.0.302-open/lib/ct.sym(META-INF/sym/rt.jar/java/io/StringWriter.class): major version 52 is newer than 51, the highest major version supported by this compiler.
    [javac]   It is recommended that the compiler be upgraded.
    [javac] warning: /root/.sdkman/candidates/java/8.0.302-open/lib/ct.sym(META-INF/sym/rt.jar/java/util/Random.class): major version 52 is newer than 51, the highest major version supported by this compiler.
    [javac]   It is recommended that the compiler be upgraded.
    [javac] warning: /root/.sdkman/candidates/java/8.0.302-open/lib/ct.sym(META-INF/sym/rt.jar/java/io/BufferedReader.class): major version 52 is newer than 51, the highest major version supported by this compiler.
    [javac]   It is recommended that the compiler be upgraded.
    [javac] warning: /root/.sdkman/candidates/java/8.0.302-open/lib/ct.sym(META-INF/sym/rt.jar/java/io/FileReader.class): major version 52 is newer than 51, the highest major version supported by this compiler.
    [javac]   It is recommended that the compiler be upgraded.
    [javac] warning: /root/.sdkman/candidates/java/8.0.302-open/lib/ct.sym(META-INF/sym/rt.jar/java/lang/reflect/Constructor.class): major version 52 is newer than 51, the highest major version supported by this compiler.
    [javac]   It is recommended that the compiler be upgraded.
    [javac] warning: /root/.sdkman/candidates/java/8.0.302-open/lib/ct.sym(META-INF/sym/rt.jar/java/lang/SuppressWarnings.class): major version 52 is newer than 51, the highest major version supported by this compiler.
    [javac]   It is recommended that the compiler be upgraded.
    [javac] warning: /root/.sdkman/candidates/java/8.0.302-open/lib/ct.sym(META-INF/sym/rt.jar/java/lang/Iterable.class): major version 52 is newer than 51, the highest major version supported by this compiler.
    [javac]   It is recommended that the compiler be upgraded.
    [javac] /root/.sdkman/candidates/java/8.0.302-open/lib/ct.sym(META-INF/sym/rt.jar/java/io/ByteArrayInputStream.class): warning: Cannot find annotation method 'value()' in type 'Profile+Annotation': class file for jdk.Profile+Annotation not found
    [javac] /root/.sdkman/candidates/java/8.0.302-open/lib/ct.sym(META-INF/sym/rt.jar/java/io/ByteArrayOutputStream.class): warning: Cannot find annotation method 'value()' in type 'Profile+Annotation'
    [javac] /root/.sdkman/candidates/java/8.0.302-open/lib/ct.sym(META-INF/sym/rt.jar/java/io/ObjectInputStream.class): warning: Cannot find annotation method 'value()' in type 'Profile+Annotation'
    [javac] /root/.sdkman/candidates/java/8.0.302-open/lib/ct.sym(META-INF/sym/rt.jar/java/io/ObjectOutputStream.class): warning: Cannot find annotation method 'value()' in type 'Profile+Annotation'
    [javac] warning: /root/.sdkman/candidates/java/8.0.302-open/lib/ct.sym(META-INF/sym/rt.jar/java/lang/annotation/Retention.class): major version 52 is newer than 51, the highest major version supported by this compiler.
    [javac]   It is recommended that the compiler be upgraded.
    [javac] warning: /root/.sdkman/candidates/java/8.0.302-open/lib/ct.sym(META-INF/sym/rt.jar/java/lang/annotation/RetentionPolicy.class): major version 52 is newer than 51, the highest major version supported by this compiler.
    [javac]   It is recommended that the compiler be upgraded.
    [javac] warning: /root/.sdkman/candidates/java/8.0.302-open/lib/ct.sym(META-INF/sym/rt.jar/java/lang/annotation/Target.class): major version 52 is newer than 51, the highest major version supported by this compiler.
    [javac]   It is recommended that the compiler be upgraded.
    [javac] warning: /root/.sdkman/candidates/java/8.0.302-open/lib/ct.sym(META-INF/sym/rt.jar/java/lang/annotation/ElementType.class): major version 52 is newer than 51, the highest major version supported by this compiler.
    [javac]   It is recommended that the compiler be upgraded.
    [javac] /root/.sdkman/candidates/java/8.0.302-open/lib/ct.sym(META-INF/sym/rt.jar/java/lang/Object.class): warning: Cannot find annotation method 'value()' in type 'Profile+Annotation'
    [javac] warning: /root/.sdkman/candidates/java/8.0.302-open/lib/ct.sym(META-INF/sym/rt.jar/java/lang/annotation/Annotation.class): major version 52 is newer than 51, the highest major version supported by this compiler.
    [javac]   It is recommended that the compiler be upgraded.
    [javac] /root/.sdkman/candidates/java/8.0.302-open/lib/ct.sym(META-INF/sym/rt.jar/java/lang/Exception.class): warning: Cannot find annotation method 'value()' in type 'Profile+Annotation'
    [javac] /root/.sdkman/candidates/java/8.0.302-open/lib/ct.sym(META-INF/sym/rt.jar/java/io/IOException.class): warning: Cannot find annotation method 'value()' in type 'Profile+Annotation'
    [javac] /root/.sdkman/candidates/java/8.0.302-open/lib/ct.sym(META-INF/sym/rt.jar/java/lang/Enum.class): warning: Cannot find annotation method 'value()' in type 'Profile+Annotation'
    [javac] /root/.sdkman/candidates/java/8.0.302-open/lib/ct.sym(META-INF/sym/rt.jar/java/lang/Comparable.class): warning: Cannot find annotation method 'value()' in type 'Profile+Annotation'
    [javac] /root/.sdkman/candidates/java/8.0.302-open/lib/ct.sym(META-INF/sym/rt.jar/java/io/Serializable.class): warning: Cannot find annotation method 'value()' in type 'Profile+Annotation'
    [javac] /root/.sdkman/candidates/java/8.0.302-open/lib/ct.sym(META-INF/sym/rt.jar/java/lang/StringBuilder.class): warning: Cannot find annotation method 'value()' in type 'Profile+Annotation'
    [javac] warning: /root/.sdkman/candidates/java/8.0.302-open/lib/ct.sym(META-INF/sym/rt.jar/java/lang/Override.class): major version 52 is newer than 51, the highest major version supported by this compiler.
    [javac]   It is recommended that the compiler be upgraded.
    [javac] /root/.sdkman/candidates/java/8.0.302-open/lib/ct.sym(META-INF/sym/rt.jar/java/io/StringReader.class): warning: Cannot find annotation method 'value()' in type 'Profile+Annotation'
    [javac] /root/.sdkman/candidates/java/8.0.302-open/lib/ct.sym(META-INF/sym/rt.jar/java/lang/String.class): warning: Cannot find annotation method 'value()' in type 'Profile+Annotation'
    [javac] /root/.sdkman/candidates/java/8.0.302-open/lib/ct.sym(META-INF/sym/rt.jar/java/io/Reader.class): warning: Cannot find annotation method 'value()' in type 'Profile+Annotation'
    [javac] /root/.sdkman/candidates/java/8.0.302-open/lib/ct.sym(META-INF/sym/rt.jar/java/util/ArrayList.class): warning: Cannot find annotation method 'value()' in type 'Profile+Annotation'
    [javac] /root/.sdkman/candidates/java/8.0.302-open/lib/ct.sym(META-INF/sym/rt.jar/java/util/Iterator.class): warning: Cannot find annotation method 'value()' in type 'Profile+Annotation'
    [javac] /root/.sdkman/candidates/java/8.0.302-open/lib/ct.sym(META-INF/sym/rt.jar/java/util/List.class): warning: Cannot find annotation method 'value()' in type 'Profile+Annotation'
    [javac] /root/.sdkman/candidates/java/8.0.302-open/lib/ct.sym(META-INF/sym/rt.jar/java/util/NoSuchElementException.class): warning: Cannot find annotation method 'value()' in type 'Profile+Annotation'
    [javac] /root/.sdkman/candidates/java/8.0.302-open/lib/ct.sym(META-INF/sym/rt.jar/java/io/StringWriter.class): warning: Cannot find annotation method 'value()' in type 'Profile+Annotation'
    [javac] /root/.sdkman/candidates/java/8.0.302-open/lib/ct.sym(META-INF/sym/rt.jar/java/util/Random.class): warning: Cannot find annotation method 'value()' in type 'Profile+Annotation'
    [javac] /root/.sdkman/candidates/java/8.0.302-open/lib/ct.sym(META-INF/sym/rt.jar/java/io/BufferedReader.class): warning: Cannot find annotation method 'value()' in type 'Profile+Annotation'
    [javac] /root/.sdkman/candidates/java/8.0.302-open/lib/ct.sym(META-INF/sym/rt.jar/java/io/FileReader.class): warning: Cannot find annotation method 'value()' in type 'Profile+Annotation'
    [javac] /root/.sdkman/candidates/java/8.0.302-open/lib/ct.sym(META-INF/sym/rt.jar/java/lang/reflect/Constructor.class): warning: Cannot find annotation method 'value()' in type 'Profile+Annotation'
    [javac] /root/.sdkman/candidates/java/8.0.302-open/lib/ct.sym(META-INF/sym/rt.jar/java/lang/SuppressWarnings.class): warning: Cannot find annotation method 'value()' in type 'Profile+Annotation'
    [javac] /root/.sdkman/candidates/java/8.0.302-open/lib/ct.sym(META-INF/sym/rt.jar/java/lang/Iterable.class): warning: Cannot find annotation method 'value()' in type 'Profile+Annotation'
    [javac] /root/.sdkman/candidates/java/8.0.302-open/lib/ct.sym(META-INF/sym/rt.jar/java/lang/annotation/Retention.class): warning: Cannot find annotation method 'value()' in type 'Profile+Annotation'
    [javac] /root/.sdkman/candidates/java/8.0.302-open/lib/ct.sym(META-INF/sym/rt.jar/java/lang/annotation/RetentionPolicy.class): warning: Cannot find annotation method 'value()' in type 'Profile+Annotation'
    [javac] /root/.sdkman/candidates/java/8.0.302-open/lib/ct.sym(META-INF/sym/rt.jar/java/lang/annotation/Target.class): warning: Cannot find annotation method 'value()' in type 'Profile+Annotation'
    [javac] /root/.sdkman/candidates/java/8.0.302-open/lib/ct.sym(META-INF/sym/rt.jar/java/lang/annotation/ElementType.class): warning: Cannot find annotation method 'value()' in type 'Profile+Annotation'
    [javac] /root/.sdkman/candidates/java/8.0.302-open/lib/ct.sym(META-INF/sym/rt.jar/java/lang/annotation/Annotation.class): warning: Cannot find annotation method 'value()' in type 'Profile+Annotation'
    [javac] /root/.sdkman/candidates/java/8.0.302-open/lib/ct.sym(META-INF/sym/rt.jar/java/lang/Override.class): warning: Cannot find annotation method 'value()' in type 'Profile+Annotation'
    [javac] warning: /root/.sdkman/candidates/java/8.0.302-open/lib/ct.sym(META-INF/sym/rt.jar/java/lang/AutoCloseable.class): major version 52 is newer than 51, the highest major version supported by this compiler.
    [javac]   It is recommended that the compiler be upgraded.
    [javac] /root/.sdkman/candidates/java/8.0.302-open/lib/ct.sym(META-INF/sym/rt.jar/java/lang/AutoCloseable.class): warning: Cannot find annotation method 'value()' in type 'Profile+Annotation'
    [javac] warning: /root/.sdkman/candidates/java/8.0.302-open/lib/ct.sym(META-INF/sym/rt.jar/java/lang/IllegalArgumentException.class): major version 52 is newer than 51, the highest major version supported by this compiler.
    [javac]   It is recommended that the compiler be upgraded.
    [javac] /root/.sdkman/candidates/java/8.0.302-open/lib/ct.sym(META-INF/sym/rt.jar/java/lang/IllegalArgumentException.class): warning: Cannot find annotation method 'value()' in type 'Profile+Annotation'
    [javac] warning: /root/.sdkman/candidates/java/8.0.302-open/lib/ct.sym(META-INF/sym/rt.jar/java/lang/RuntimeException.class): major version 52 is newer than 51, the highest major version supported by this compiler.
    [javac]   It is recommended that the compiler be upgraded.
    [javac] /root/.sdkman/candidates/java/8.0.302-open/lib/ct.sym(META-INF/sym/rt.jar/java/lang/RuntimeException.class): warning: Cannot find annotation method 'value()' in type 'Profile+Annotation'
    [javac] warning: /root/.sdkman/candidates/java/8.0.302-open/lib/ct.sym(META-INF/sym/rt.jar/java/lang/Throwable.class): major version 52 is newer than 51, the highest major version supported by this compiler.
    [javac]   It is recommended that the compiler be upgraded.
    [javac] /root/.sdkman/candidates/java/8.0.302-open/lib/ct.sym(META-INF/sym/rt.jar/java/lang/Throwable.class): warning: Cannot find annotation method 'value()' in type 'Profile+Annotation'
    [javac] warning: /root/.sdkman/candidates/java/8.0.302-open/lib/ct.sym(META-INF/sym/rt.jar/java/io/OutputStream.class): major version 52 is newer than 51, the highest major version supported by this compiler.
    [javac]   It is recommended that the compiler be upgraded.
    [javac] /root/.sdkman/candidates/java/8.0.302-open/lib/ct.sym(META-INF/sym/rt.jar/java/io/OutputStream.class): warning: Cannot find annotation method 'value()' in type 'Profile+Annotation'
    [javac] warning: /root/.sdkman/candidates/java/8.0.302-open/lib/ct.sym(META-INF/sym/rt.jar/java/io/InputStream.class): major version 52 is newer than 51, the highest major version supported by this compiler.
    [javac]   It is recommended that the compiler be upgraded.
    [javac] /root/.sdkman/candidates/java/8.0.302-open/lib/ct.sym(META-INF/sym/rt.jar/java/io/InputStream.class): warning: Cannot find annotation method 'value()' in type 'Profile+Annotation'
    [javac] warning: /root/.sdkman/candidates/java/8.0.302-open/lib/ct.sym(META-INF/sym/rt.jar/java/lang/Boolean.class): major version 52 is newer than 51, the highest major version supported by this compiler.
    [javac]   It is recommended that the compiler be upgraded.
    [javac] /root/.sdkman/candidates/java/8.0.302-open/lib/ct.sym(META-INF/sym/rt.jar/java/lang/Boolean.class): warning: Cannot find annotation method 'value()' in type 'Profile+Annotation'
    [javac] warning: /root/.sdkman/candidates/java/8.0.302-open/lib/ct.sym(META-INF/sym/rt.jar/java/lang/Byte.class): major version 52 is newer than 51, the highest major version supported by this compiler.
    [javac]   It is recommended that the compiler be upgraded.
    [javac] /root/.sdkman/candidates/java/8.0.302-open/lib/ct.sym(META-INF/sym/rt.jar/java/lang/Byte.class): warning: Cannot find annotation method 'value()' in type 'Profile+Annotation'
    [javac] warning: /root/.sdkman/candidates/java/8.0.302-open/lib/ct.sym(META-INF/sym/rt.jar/java/lang/Character.class): major version 52 is newer than 51, the highest major version supported by this compiler.
    [javac]   It is recommended that the compiler be upgraded.
    [javac] /root/.sdkman/candidates/java/8.0.302-open/lib/ct.sym(META-INF/sym/rt.jar/java/lang/Character.class): warning: Cannot find annotation method 'value()' in type 'Profile+Annotation'
    [javac] warning: /root/.sdkman/candidates/java/8.0.302-open/lib/ct.sym(META-INF/sym/rt.jar/java/lang/Short.class): major version 52 is newer than 51, the highest major version supported by this compiler.
    [javac]   It is recommended that the compiler be upgraded.
    [javac] /root/.sdkman/candidates/java/8.0.302-open/lib/ct.sym(META-INF/sym/rt.jar/java/lang/Short.class): warning: Cannot find annotation method 'value()' in type 'Profile+Annotation'
    [javac] warning: /root/.sdkman/candidates/java/8.0.302-open/lib/ct.sym(META-INF/sym/rt.jar/java/lang/Integer.class): major version 52 is newer than 51, the highest major version supported by this compiler.
    [javac]   It is recommended that the compiler be upgraded.
    [javac] /root/.sdkman/candidates/java/8.0.302-open/lib/ct.sym(META-INF/sym/rt.jar/java/lang/Integer.class): warning: Cannot find annotation method 'value()' in type 'Profile+Annotation'
    [javac] warning: /root/.sdkman/candidates/java/8.0.302-open/lib/ct.sym(META-INF/sym/rt.jar/java/lang/Long.class): major version 52 is newer than 51, the highest major version supported by this compiler.
    [javac]   It is recommended that the compiler be upgraded.
    [javac] /root/.sdkman/candidates/java/8.0.302-open/lib/ct.sym(META-INF/sym/rt.jar/java/lang/Long.class): warning: Cannot find annotation method 'value()' in type 'Profile+Annotation'
    [javac] warning: /root/.sdkman/candidates/java/8.0.302-open/lib/ct.sym(META-INF/sym/rt.jar/java/lang/Float.class): major version 52 is newer than 51, the highest major version supported by this compiler.
    [javac]   It is recommended that the compiler be upgraded.
    [javac] /root/.sdkman/candidates/java/8.0.302-open/lib/ct.sym(META-INF/sym/rt.jar/java/lang/Float.class): warning: Cannot find annotation method 'value()' in type 'Profile+Annotation'
    [javac] warning: /root/.sdkman/candidates/java/8.0.302-open/lib/ct.sym(META-INF/sym/rt.jar/java/lang/Double.class): major version 52 is newer than 51, the highest major version supported by this compiler.
    [javac]   It is recommended that the compiler be upgraded.
    [javac] /root/.sdkman/candidates/java/8.0.302-open/lib/ct.sym(META-INF/sym/rt.jar/java/lang/Double.class): warning: Cannot find annotation method 'value()' in type 'Profile+Annotation'
    [javac] warning: /root/.sdkman/candidates/java/8.0.302-open/lib/ct.sym(META-INF/sym/rt.jar/java/lang/Void.class): major version 52 is newer than 51, the highest major version supported by this compiler.
    [javac]   It is recommended that the compiler be upgraded.
    [javac] /root/.sdkman/candidates/java/8.0.302-open/lib/ct.sym(META-INF/sym/rt.jar/java/lang/Void.class): warning: Cannot find annotation method 'value()' in type 'Profile+Annotation'
    [javac] warning: /root/.sdkman/candidates/java/8.0.302-open/lib/ct.sym(META-INF/sym/rt.jar/java/lang/Error.class): major version 52 is newer than 51, the highest major version supported by this compiler.
    [javac]   It is recommended that the compiler be upgraded.
    [javac] /root/.sdkman/candidates/java/8.0.302-open/lib/ct.sym(META-INF/sym/rt.jar/java/lang/Error.class): warning: Cannot find annotation method 'value()' in type 'Profile+Annotation'
    [javac] warning: /root/.sdkman/candidates/java/8.0.302-open/lib/ct.sym(META-INF/sym/rt.jar/java/lang/ClassNotFoundException.class): major version 52 is newer than 51, the highest major version supported by this compiler.
    [javac]   It is recommended that the compiler be upgraded.
    [javac] /root/.sdkman/candidates/java/8.0.302-open/lib/ct.sym(META-INF/sym/rt.jar/java/lang/ClassNotFoundException.class): warning: Cannot find annotation method 'value()' in type 'Profile+Annotation'
    [javac] warning: /root/.sdkman/candidates/java/8.0.302-open/lib/ct.sym(META-INF/sym/rt.jar/java/lang/ReflectiveOperationException.class): major version 52 is newer than 51, the highest major version supported by this compiler.
    [javac]   It is recommended that the compiler be upgraded.
    [javac] /root/.sdkman/candidates/java/8.0.302-open/lib/ct.sym(META-INF/sym/rt.jar/java/lang/ReflectiveOperationException.class): warning: Cannot find annotation method 'value()' in type 'Profile+Annotation'
    [javac] warning: /root/.sdkman/candidates/java/8.0.302-open/lib/ct.sym(META-INF/sym/rt.jar/java/lang/AbstractStringBuilder.class): major version 52 is newer than 51, the highest major version supported by this compiler.
    [javac]   It is recommended that the compiler be upgraded.
    [javac] 100 warnings
    [mkdir] Created dir: /tmp/run_mutation.pl_15647_1702889908/1b/target/test-classes/META-INF
     [copy] Copying 2 files to /tmp/run_mutation.pl_15647_1702889908/1b/target/test-classes/META-INF

compile.tests:

update.all.tests:

mutation.test:
     [echo] Running mutation analysis ...
    [junit] MAJOR: Mutation analysis enabled
    [junit] MAJOR: ------------------------------------------------------------
    [junit] MAJOR: Run 0 ordered test to verify independence
    [junit] MAJOR: ------------------------------------------------------------
    [junit] MAJOR: Preprocessing time: 0.00 seconds
    [junit] MAJOR: ------------------------------------------------------------
    [junit] MAJOR: Mutants generated: 84
    [junit] MAJOR: Mutants covered:   0 (0.00%)
    [junit] MAJOR: ------------------------------------------------------------
    [junit] MAJOR: Export test map to testMap.csv
    [junit] MAJOR: ------------------------------------------------------------
    [junit] MAJOR: Run mutation analysis with 0 individual test
    [junit] MAJOR: ------------------------------------------------------------
    [junit] MAJOR: Summary:
    [junit] MAJOR: 
    [junit] MAJOR: Analysis time:  0.0 seconds
    [junit] MAJOR: Mutation score: 0.00% (0.00%)
    [junit] MAJOR: Mutants killed / live: 0 (0-0-0) / 0
    [junit] MAJOR: Mutant executions: 0
    [junit] MAJOR: ------------------------------------------------------------
    [junit] MAJOR: Export summary of results to summary.csv
    [junit] MAJOR: Export mutant kill details to /tmp/run_mutation.pl_15647_1702889908/1b/kill.csv

BUILD SUCCESSFUL
Total time: 1 second
