
test-offline:

get-deps:

commons-csv-from-maven.compile:
    [javac] /tmp/run_mutation.pl_11895_1702878401/4b/maven-build.xml:79: warning: 'includeantruntime' was not set, defaulting to build.sysclasspath=last; set to false for repeatable builds

compile:

commons-csv-from-maven.compile-tests:
    [mkdir] Created dir: /tmp/run_mutation.pl_11895_1702878401/4b/target/test-classes
    [javac] /tmp/run_mutation.pl_11895_1702878401/4b/maven-build.xml:112: warning: 'includeantruntime' was not set, defaulting to build.sysclasspath=last; set to false for repeatable builds
    [javac] Compiling 14 source files to /tmp/run_mutation.pl_11895_1702878401/4b/target/test-classes
    [javac] Picked up JAVA_TOOL_OPTIONS: -Dfile.encoding=UTF8
    [javac] warning: [options] bootstrap class path not set in conjunction with -source 1.5
    [javac] warning: /root/.sdkman/candidates/java/8.0.302-open/lib/ct.sym(META-INF/sym/rt.jar/java/lang/Object.class): major version 52 is newer than 51, the highest major version supported by this compiler.
    [javac]   It is recommended that the compiler be upgraded.
    [javac] warning: /root/.sdkman/candidates/java/8.0.302-open/lib/ct.sym(META-INF/sym/rt.jar/java/lang/Exception.class): major version 52 is newer than 51, the highest major version supported by this compiler.
    [javac]   It is recommended that the compiler be upgraded.
    [javac] warning: /root/.sdkman/candidates/java/8.0.302-open/lib/ct.sym(META-INF/sym/rt.jar/java/io/BufferedReader.class): major version 52 is newer than 51, the highest major version supported by this compiler.
    [javac]   It is recommended that the compiler be upgraded.
    [javac] warning: /root/.sdkman/candidates/java/8.0.302-open/lib/ct.sym(META-INF/sym/rt.jar/java/io/File.class): major version 52 is newer than 51, the highest major version supported by this compiler.
    [javac]   It is recommended that the compiler be upgraded.
    [javac] warning: /root/.sdkman/candidates/java/8.0.302-open/lib/ct.sym(META-INF/sym/rt.jar/java/io/FileNotFoundException.class): major version 52 is newer than 51, the highest major version supported by this compiler.
    [javac]   It is recommended that the compiler be upgraded.
    [javac] warning: /root/.sdkman/candidates/java/8.0.302-open/lib/ct.sym(META-INF/sym/rt.jar/java/io/FileReader.class): major version 52 is newer than 51, the highest major version supported by this compiler.
    [javac]   It is recommended that the compiler be upgraded.
    [javac] warning: /root/.sdkman/candidates/java/8.0.302-open/lib/ct.sym(META-INF/sym/rt.jar/java/io/FilenameFilter.class): major version 52 is newer than 51, the highest major version supported by this compiler.
    [javac]   It is recommended that the compiler be upgraded.
    [javac] warning: /root/.sdkman/candidates/java/8.0.302-open/lib/ct.sym(META-INF/sym/rt.jar/java/io/IOException.class): major version 52 is newer than 51, the highest major version supported by this compiler.
    [javac]   It is recommended that the compiler be upgraded.
    [javac] warning: /root/.sdkman/candidates/java/8.0.302-open/lib/ct.sym(META-INF/sym/rt.jar/java/net/URL.class): major version 52 is newer than 51, the highest major version supported by this compiler.
    [javac]   It is recommended that the compiler be upgraded.
    [javac] warning: /root/.sdkman/candidates/java/8.0.302-open/lib/ct.sym(META-INF/sym/rt.jar/java/nio/charset/Charset.class): major version 52 is newer than 51, the highest major version supported by this compiler.
    [javac]   It is recommended that the compiler be upgraded.
    [javac] warning: /root/.sdkman/candidates/java/8.0.302-open/lib/ct.sym(META-INF/sym/rt.jar/java/util/ArrayList.class): major version 52 is newer than 51, the highest major version supported by this compiler.
    [javac]   It is recommended that the compiler be upgraded.
    [javac] warning: /root/.sdkman/candidates/java/8.0.302-open/lib/ct.sym(META-INF/sym/rt.jar/java/util/Collection.class): major version 52 is newer than 51, the highest major version supported by this compiler.
    [javac]   It is recommended that the compiler be upgraded.
    [javac] warning: /root/.sdkman/candidates/java/8.0.302-open/lib/ct.sym(META-INF/sym/rt.jar/java/util/List.class): major version 52 is newer than 51, the highest major version supported by this compiler.
    [javac]   It is recommended that the compiler be upgraded.
    [javac] warning: /root/.sdkman/candidates/java/8.0.302-open/lib/ct.sym(META-INF/sym/rt.jar/java/lang/String.class): major version 52 is newer than 51, the highest major version supported by this compiler.
    [javac]   It is recommended that the compiler be upgraded.
    [javac] warning: /root/.sdkman/candidates/java/8.0.302-open/lib/ct.sym(META-INF/sym/rt.jar/java/io/Serializable.class): major version 52 is newer than 51, the highest major version supported by this compiler.
    [javac]   It is recommended that the compiler be upgraded.
    [javac] warning: /root/.sdkman/candidates/java/8.0.302-open/lib/ct.sym(META-INF/sym/rt.jar/java/io/ByteArrayInputStream.class): major version 52 is newer than 51, the highest major version supported by this compiler.
    [javac]   It is recommended that the compiler be upgraded.
    [javac] warning: /root/.sdkman/candidates/java/8.0.302-open/lib/ct.sym(META-INF/sym/rt.jar/java/io/ByteArrayOutputStream.class): major version 52 is newer than 51, the highest major version supported by this compiler.
    [javac]   It is recommended that the compiler be upgraded.
    [javac] warning: /root/.sdkman/candidates/java/8.0.302-open/lib/ct.sym(META-INF/sym/rt.jar/java/io/ObjectInputStream.class): major version 52 is newer than 51, the highest major version supported by this compiler.
    [javac]   It is recommended that the compiler be upgraded.
    [javac] warning: /root/.sdkman/candidates/java/8.0.302-open/lib/ct.sym(META-INF/sym/rt.jar/java/io/ObjectOutputStream.class): major version 52 is newer than 51, the highest major version supported by this compiler.
    [javac]   It is recommended that the compiler be upgraded.
    [javac] warning: /root/.sdkman/candidates/java/8.0.302-open/lib/ct.sym(META-INF/sym/rt.jar/java/util/Arrays.class): major version 52 is newer than 51, the highest major version supported by this compiler.
    [javac]   It is recommended that the compiler be upgraded.
    [javac] warning: /root/.sdkman/candidates/java/8.0.302-open/lib/ct.sym(META-INF/sym/rt.jar/java/io/Reader.class): major version 52 is newer than 51, the highest major version supported by this compiler.
    [javac]   It is recommended that the compiler be upgraded.
    [javac] warning: /root/.sdkman/candidates/java/8.0.302-open/lib/ct.sym(META-INF/sym/rt.jar/java/io/StringReader.class): major version 52 is newer than 51, the highest major version supported by this compiler.
    [javac]   It is recommended that the compiler be upgraded.
    [javac] warning: /root/.sdkman/candidates/java/8.0.302-open/lib/ct.sym(META-INF/sym/rt.jar/java/io/StringWriter.class): major version 52 is newer than 51, the highest major version supported by this compiler.
    [javac]   It is recommended that the compiler be upgraded.
    [javac] warning: /root/.sdkman/candidates/java/8.0.302-open/lib/ct.sym(META-INF/sym/rt.jar/java/util/Iterator.class): major version 52 is newer than 51, the highest major version supported by this compiler.
    [javac]   It is recommended that the compiler be upgraded.
    [javac] warning: /root/.sdkman/candidates/java/8.0.302-open/lib/ct.sym(META-INF/sym/rt.jar/java/util/Map.class): major version 52 is newer than 51, the highest major version supported by this compiler.
    [javac]   It is recommended that the compiler be upgraded.
    [javac] warning: /root/.sdkman/candidates/java/8.0.302-open/lib/ct.sym(META-INF/sym/rt.jar/java/util/NoSuchElementException.class): major version 52 is newer than 51, the highest major version supported by this compiler.
    [javac]   It is recommended that the compiler be upgraded.
    [javac] warning: /root/.sdkman/candidates/java/8.0.302-open/lib/ct.sym(META-INF/sym/rt.jar/java/sql/Connection.class): major version 52 is newer than 51, the highest major version supported by this compiler.
    [javac]   It is recommended that the compiler be upgraded.
    [javac] warning: /root/.sdkman/candidates/java/8.0.302-open/lib/ct.sym(META-INF/sym/rt.jar/java/sql/DriverManager.class): major version 52 is newer than 51, the highest major version supported by this compiler.
    [javac]   It is recommended that the compiler be upgraded.
    [javac] warning: /root/.sdkman/candidates/java/8.0.302-open/lib/ct.sym(META-INF/sym/rt.jar/java/sql/SQLException.class): major version 52 is newer than 51, the highest major version supported by this compiler.
    [javac]   It is recommended that the compiler be upgraded.
    [javac] warning: /root/.sdkman/candidates/java/8.0.302-open/lib/ct.sym(META-INF/sym/rt.jar/java/sql/Statement.class): major version 52 is newer than 51, the highest major version supported by this compiler.
    [javac]   It is recommended that the compiler be upgraded.
    [javac] warning: /root/.sdkman/candidates/java/8.0.302-open/lib/ct.sym(META-INF/sym/rt.jar/java/util/Random.class): major version 52 is newer than 51, the highest major version supported by this compiler.
    [javac]   It is recommended that the compiler be upgraded.
    [javac] warning: /root/.sdkman/candidates/java/8.0.302-open/lib/ct.sym(META-INF/sym/rt.jar/java/lang/ClassNotFoundException.class): major version 52 is newer than 51, the highest major version supported by this compiler.
    [javac]   It is recommended that the compiler be upgraded.
    [javac] warning: /root/.sdkman/candidates/java/8.0.302-open/lib/ct.sym(META-INF/sym/rt.jar/java/util/HashMap.class): major version 52 is newer than 51, the highest major version supported by this compiler.
    [javac]   It is recommended that the compiler be upgraded.
    [javac] warning: /root/.sdkman/candidates/java/8.0.302-open/lib/ct.sym(META-INF/sym/rt.jar/java/lang/Integer.class): major version 52 is newer than 51, the highest major version supported by this compiler.
    [javac]   It is recommended that the compiler be upgraded.
    [javac] warning: /root/.sdkman/candidates/java/8.0.302-open/lib/ct.sym(META-INF/sym/rt.jar/java/lang/Enum.class): major version 52 is newer than 51, the highest major version supported by this compiler.
    [javac]   It is recommended that the compiler be upgraded.
    [javac] warning: /root/.sdkman/candidates/java/8.0.302-open/lib/ct.sym(META-INF/sym/rt.jar/java/lang/Comparable.class): major version 52 is newer than 51, the highest major version supported by this compiler.
    [javac]   It is recommended that the compiler be upgraded.
    [javac] warning: /root/.sdkman/candidates/java/8.0.302-open/lib/ct.sym(META-INF/sym/rt.jar/java/io/FileInputStream.class): major version 52 is newer than 51, the highest major version supported by this compiler.
    [javac]   It is recommended that the compiler be upgraded.
    [javac] warning: /root/.sdkman/candidates/java/8.0.302-open/lib/ct.sym(META-INF/sym/rt.jar/java/io/FileOutputStream.class): major version 52 is newer than 51, the highest major version supported by this compiler.
    [javac]   It is recommended that the compiler be upgraded.
    [javac] warning: /root/.sdkman/candidates/java/8.0.302-open/lib/ct.sym(META-INF/sym/rt.jar/java/io/InputStream.class): major version 52 is newer than 51, the highest major version supported by this compiler.
    [javac]   It is recommended that the compiler be upgraded.
    [javac] warning: /root/.sdkman/candidates/java/8.0.302-open/lib/ct.sym(META-INF/sym/rt.jar/java/io/OutputStream.class): major version 52 is newer than 51, the highest major version supported by this compiler.
    [javac]   It is recommended that the compiler be upgraded.
    [javac] warning: /root/.sdkman/candidates/java/8.0.302-open/lib/ct.sym(META-INF/sym/rt.jar/java/lang/reflect/Constructor.class): major version 52 is newer than 51, the highest major version supported by this compiler.
    [javac]   It is recommended that the compiler be upgraded.
    [javac] warning: /root/.sdkman/candidates/java/8.0.302-open/lib/ct.sym(META-INF/sym/rt.jar/java/util/zip/GZIPInputStream.class): major version 52 is newer than 51, the highest major version supported by this compiler.
    [javac]   It is recommended that the compiler be upgraded.
    [javac] warning: /root/.sdkman/candidates/java/8.0.302-open/lib/ct.sym(META-INF/sym/rt.jar/java/lang/SuppressWarnings.class): major version 52 is newer than 51, the highest major version supported by this compiler.
    [javac]   It is recommended that the compiler be upgraded.
    [javac] warning: /root/.sdkman/candidates/java/8.0.302-open/lib/ct.sym(META-INF/sym/rt.jar/java/lang/Iterable.class): major version 52 is newer than 51, the highest major version supported by this compiler.
    [javac]   It is recommended that the compiler be upgraded.
    [javac] warning: /root/.sdkman/candidates/java/8.0.302-open/lib/ct.sym(META-INF/sym/rt.jar/java/lang/annotation/Retention.class): major version 52 is newer than 51, the highest major version supported by this compiler.
    [javac]   It is recommended that the compiler be upgraded.
    [javac] warning: /root/.sdkman/candidates/java/8.0.302-open/lib/ct.sym(META-INF/sym/rt.jar/java/lang/annotation/RetentionPolicy.class): major version 52 is newer than 51, the highest major version supported by this compiler.
    [javac]   It is recommended that the compiler be upgraded.
    [javac] warning: /root/.sdkman/candidates/java/8.0.302-open/lib/ct.sym(META-INF/sym/rt.jar/java/lang/annotation/Target.class): major version 52 is newer than 51, the highest major version supported by this compiler.
    [javac]   It is recommended that the compiler be upgraded.
    [javac] warning: /root/.sdkman/candidates/java/8.0.302-open/lib/ct.sym(META-INF/sym/rt.jar/java/lang/annotation/ElementType.class): major version 52 is newer than 51, the highest major version supported by this compiler.
    [javac]   It is recommended that the compiler be upgraded.
    [javac] /root/.sdkman/candidates/java/8.0.302-open/lib/ct.sym(META-INF/sym/rt.jar/java/lang/Object.class): warning: Cannot find annotation method 'value()' in type 'Profile+Annotation': class file for jdk.Profile+Annotation not found
    [javac] /root/.sdkman/candidates/java/8.0.302-open/lib/ct.sym(META-INF/sym/rt.jar/java/lang/Exception.class): warning: Cannot find annotation method 'value()' in type 'Profile+Annotation'
    [javac] warning: /root/.sdkman/candidates/java/8.0.302-open/lib/ct.sym(META-INF/sym/rt.jar/java/lang/annotation/Annotation.class): major version 52 is newer than 51, the highest major version supported by this compiler.
    [javac]   It is recommended that the compiler be upgraded.
    [javac] warning: /root/.sdkman/candidates/java/8.0.302-open/lib/ct.sym(META-INF/sym/rt.jar/java/lang/Class.class): major version 52 is newer than 51, the highest major version supported by this compiler.
    [javac]   It is recommended that the compiler be upgraded.
    [javac] warning: /root/.sdkman/candidates/java/8.0.302-open/lib/ct.sym(META-INF/sym/rt.jar/java/lang/IllegalArgumentException.class): major version 52 is newer than 51, the highest major version supported by this compiler.
    [javac]   It is recommended that the compiler be upgraded.
    [javac] warning: /root/.sdkman/candidates/java/8.0.302-open/lib/ct.sym(META-INF/sym/rt.jar/java/lang/RuntimeException.class): major version 52 is newer than 51, the highest major version supported by this compiler.
    [javac]   It is recommended that the compiler be upgraded.
    [javac] /root/.sdkman/candidates/java/8.0.302-open/lib/ct.sym(META-INF/sym/rt.jar/java/io/BufferedReader.class): warning: Cannot find annotation method 'value()' in type 'Profile+Annotation'
    [javac] /root/.sdkman/candidates/java/8.0.302-open/lib/ct.sym(META-INF/sym/rt.jar/java/io/File.class): warning: Cannot find annotation method 'value()' in type 'Profile+Annotation'
    [javac] /root/.sdkman/candidates/java/8.0.302-open/lib/ct.sym(META-INF/sym/rt.jar/java/io/FileNotFoundException.class): warning: Cannot find annotation method 'value()' in type 'Profile+Annotation'
    [javac] /root/.sdkman/candidates/java/8.0.302-open/lib/ct.sym(META-INF/sym/rt.jar/java/io/FileReader.class): warning: Cannot find annotation method 'value()' in type 'Profile+Annotation'
    [javac] /root/.sdkman/candidates/java/8.0.302-open/lib/ct.sym(META-INF/sym/rt.jar/java/io/FilenameFilter.class): warning: Cannot find annotation method 'value()' in type 'Profile+Annotation'
    [javac] /root/.sdkman/candidates/java/8.0.302-open/lib/ct.sym(META-INF/sym/rt.jar/java/io/IOException.class): warning: Cannot find annotation method 'value()' in type 'Profile+Annotation'
    [javac] /root/.sdkman/candidates/java/8.0.302-open/lib/ct.sym(META-INF/sym/rt.jar/java/net/URL.class): warning: Cannot find annotation method 'value()' in type 'Profile+Annotation'
    [javac] /root/.sdkman/candidates/java/8.0.302-open/lib/ct.sym(META-INF/sym/rt.jar/java/nio/charset/Charset.class): warning: Cannot find annotation method 'value()' in type 'Profile+Annotation'
    [javac] /root/.sdkman/candidates/java/8.0.302-open/lib/ct.sym(META-INF/sym/rt.jar/java/util/ArrayList.class): warning: Cannot find annotation method 'value()' in type 'Profile+Annotation'
    [javac] /root/.sdkman/candidates/java/8.0.302-open/lib/ct.sym(META-INF/sym/rt.jar/java/util/Collection.class): warning: Cannot find annotation method 'value()' in type 'Profile+Annotation'
    [javac] /root/.sdkman/candidates/java/8.0.302-open/lib/ct.sym(META-INF/sym/rt.jar/java/util/List.class): warning: Cannot find annotation method 'value()' in type 'Profile+Annotation'
    [javac] /root/.sdkman/candidates/java/8.0.302-open/lib/ct.sym(META-INF/sym/rt.jar/java/lang/String.class): warning: Cannot find annotation method 'value()' in type 'Profile+Annotation'
    [javac] /root/.sdkman/candidates/java/8.0.302-open/lib/ct.sym(META-INF/sym/rt.jar/java/io/Serializable.class): warning: Cannot find annotation method 'value()' in type 'Profile+Annotation'
    [javac] /root/.sdkman/candidates/java/8.0.302-open/lib/ct.sym(META-INF/sym/rt.jar/java/io/ByteArrayInputStream.class): warning: Cannot find annotation method 'value()' in type 'Profile+Annotation'
    [javac] /root/.sdkman/candidates/java/8.0.302-open/lib/ct.sym(META-INF/sym/rt.jar/java/io/ByteArrayOutputStream.class): warning: Cannot find annotation method 'value()' in type 'Profile+Annotation'
    [javac] /root/.sdkman/candidates/java/8.0.302-open/lib/ct.sym(META-INF/sym/rt.jar/java/io/ObjectInputStream.class): warning: Cannot find annotation method 'value()' in type 'Profile+Annotation'
    [javac] /root/.sdkman/candidates/java/8.0.302-open/lib/ct.sym(META-INF/sym/rt.jar/java/io/ObjectOutputStream.class): warning: Cannot find annotation method 'value()' in type 'Profile+Annotation'
    [javac] /root/.sdkman/candidates/java/8.0.302-open/lib/ct.sym(META-INF/sym/rt.jar/java/util/Arrays.class): warning: Cannot find annotation method 'value()' in type 'Profile+Annotation'
    [javac] warning: /root/.sdkman/candidates/java/8.0.302-open/lib/ct.sym(META-INF/sym/rt.jar/java/lang/IllegalStateException.class): major version 52 is newer than 51, the highest major version supported by this compiler.
    [javac]   It is recommended that the compiler be upgraded.
    [javac] /root/.sdkman/candidates/java/8.0.302-open/lib/ct.sym(META-INF/sym/rt.jar/java/io/Reader.class): warning: Cannot find annotation method 'value()' in type 'Profile+Annotation'
    [javac] /root/.sdkman/candidates/java/8.0.302-open/lib/ct.sym(META-INF/sym/rt.jar/java/io/StringReader.class): warning: Cannot find annotation method 'value()' in type 'Profile+Annotation'
    [javac] /root/.sdkman/candidates/java/8.0.302-open/lib/ct.sym(META-INF/sym/rt.jar/java/io/StringWriter.class): warning: Cannot find annotation method 'value()' in type 'Profile+Annotation'
    [javac] /root/.sdkman/candidates/java/8.0.302-open/lib/ct.sym(META-INF/sym/rt.jar/java/util/Iterator.class): warning: Cannot find annotation method 'value()' in type 'Profile+Annotation'
    [javac] /root/.sdkman/candidates/java/8.0.302-open/lib/ct.sym(META-INF/sym/rt.jar/java/util/Map.class): warning: Cannot find annotation method 'value()' in type 'Profile+Annotation'
    [javac] /root/.sdkman/candidates/java/8.0.302-open/lib/ct.sym(META-INF/sym/rt.jar/java/util/NoSuchElementException.class): warning: Cannot find annotation method 'value()' in type 'Profile+Annotation'
    [javac] /root/.sdkman/candidates/java/8.0.302-open/lib/ct.sym(META-INF/sym/rt.jar/java/sql/Connection.class): warning: Cannot find annotation method 'value()' in type 'Profile+Annotation'
    [javac] /root/.sdkman/candidates/java/8.0.302-open/lib/ct.sym(META-INF/sym/rt.jar/java/sql/DriverManager.class): warning: Cannot find annotation method 'value()' in type 'Profile+Annotation'
    [javac] /root/.sdkman/candidates/java/8.0.302-open/lib/ct.sym(META-INF/sym/rt.jar/java/sql/SQLException.class): warning: Cannot find annotation method 'value()' in type 'Profile+Annotation'
    [javac] /root/.sdkman/candidates/java/8.0.302-open/lib/ct.sym(META-INF/sym/rt.jar/java/sql/Statement.class): warning: Cannot find annotation method 'value()' in type 'Profile+Annotation'
    [javac] /root/.sdkman/candidates/java/8.0.302-open/lib/ct.sym(META-INF/sym/rt.jar/java/util/Random.class): warning: Cannot find annotation method 'value()' in type 'Profile+Annotation'
    [javac] /root/.sdkman/candidates/java/8.0.302-open/lib/ct.sym(META-INF/sym/rt.jar/java/lang/ClassNotFoundException.class): warning: Cannot find annotation method 'value()' in type 'Profile+Annotation'
    [javac] /root/.sdkman/candidates/java/8.0.302-open/lib/ct.sym(META-INF/sym/rt.jar/java/util/HashMap.class): warning: Cannot find annotation method 'value()' in type 'Profile+Annotation'
    [javac] /root/.sdkman/candidates/java/8.0.302-open/lib/ct.sym(META-INF/sym/rt.jar/java/lang/Integer.class): warning: Cannot find annotation method 'value()' in type 'Profile+Annotation'
    [javac] warning: /root/.sdkman/candidates/java/8.0.302-open/lib/ct.sym(META-INF/sym/rt.jar/java/lang/ArrayIndexOutOfBoundsException.class): major version 52 is newer than 51, the highest major version supported by this compiler.
    [javac]   It is recommended that the compiler be upgraded.
    [javac] warning: /root/.sdkman/candidates/java/8.0.302-open/lib/ct.sym(META-INF/sym/rt.jar/java/lang/IndexOutOfBoundsException.class): major version 52 is newer than 51, the highest major version supported by this compiler.
    [javac]   It is recommended that the compiler be upgraded.
    [javac] /root/.sdkman/candidates/java/8.0.302-open/lib/ct.sym(META-INF/sym/rt.jar/java/lang/Enum.class): warning: Cannot find annotation method 'value()' in type 'Profile+Annotation'
    [javac] /root/.sdkman/candidates/java/8.0.302-open/lib/ct.sym(META-INF/sym/rt.jar/java/lang/Comparable.class): warning: Cannot find annotation method 'value()' in type 'Profile+Annotation'
    [javac] /root/.sdkman/candidates/java/8.0.302-open/lib/ct.sym(META-INF/sym/rt.jar/java/io/FileInputStream.class): warning: Cannot find annotation method 'value()' in type 'Profile+Annotation'
    [javac] /root/.sdkman/candidates/java/8.0.302-open/lib/ct.sym(META-INF/sym/rt.jar/java/io/FileOutputStream.class): warning: Cannot find annotation method 'value()' in type 'Profile+Annotation'
    [javac] /root/.sdkman/candidates/java/8.0.302-open/lib/ct.sym(META-INF/sym/rt.jar/java/io/InputStream.class): warning: Cannot find annotation method 'value()' in type 'Profile+Annotation'
    [javac] /root/.sdkman/candidates/java/8.0.302-open/lib/ct.sym(META-INF/sym/rt.jar/java/io/OutputStream.class): warning: Cannot find annotation method 'value()' in type 'Profile+Annotation'
    [javac] /root/.sdkman/candidates/java/8.0.302-open/lib/ct.sym(META-INF/sym/rt.jar/java/lang/reflect/Constructor.class): warning: Cannot find annotation method 'value()' in type 'Profile+Annotation'
    [javac] /root/.sdkman/candidates/java/8.0.302-open/lib/ct.sym(META-INF/sym/rt.jar/java/util/zip/GZIPInputStream.class): warning: Cannot find annotation method 'value()' in type 'Profile+Annotation'
    [javac] /root/.sdkman/candidates/java/8.0.302-open/lib/ct.sym(META-INF/sym/rt.jar/java/lang/SuppressWarnings.class): warning: Cannot find annotation method 'value()' in type 'Profile+Annotation'
    [javac] /root/.sdkman/candidates/java/8.0.302-open/lib/ct.sym(META-INF/sym/rt.jar/java/lang/Iterable.class): warning: Cannot find annotation method 'value()' in type 'Profile+Annotation'
    [javac] 100 warnings
     [copy] Copying 13 files to /tmp/run_mutation.pl_11895_1702878401/4b/target/test-classes
    [mkdir] Created dir: /tmp/run_mutation.pl_11895_1702878401/4b/target/test-classes/META-INF
     [copy] Copying 2 files to /tmp/run_mutation.pl_11895_1702878401/4b/target/test-classes/META-INF

compile.tests:

update.all.tests:

mutation.test:
     [echo] Running mutation analysis ...
    [junit] MAJOR: Mutation analysis enabled
    [junit] MAJOR: ------------------------------------------------------------
    [junit] MAJOR: Run 1 ordered test to verify independence
    [junit] MAJOR: ------------------------------------------------------------
    [junit] MAJOR: Preprocessing time: 1.73 seconds
    [junit] MAJOR: ------------------------------------------------------------
    [junit] MAJOR: Mutants generated: 70
    [junit] MAJOR: Mutants covered:   52 (74.29%)
    [junit] MAJOR: ------------------------------------------------------------
    [junit] MAJOR: Export test map to testMap.csv
    [junit] MAJOR: ------------------------------------------------------------
    [junit] MAJOR: Run mutation analysis with 1 individual test
    [junit] MAJOR: ------------------------------------------------------------
    [junit] MAJOR: [1;34m1/1 - org.apache.commons.csv.CSVParser_ESTest (96ms / 52):[0m
    [junit] MAJOR: 34574 (29 / 52 / 52) -> AVG-RTPM: 664ms
    [junit] MAJOR: Mutants killed / live: 29 (19-10-0) / 23
    [junit] MAJOR: ------------------------------------------------------------
    [junit] MAJOR: Summary:
    [junit] MAJOR: 
    [junit] MAJOR: Analysis time:  34.6 seconds
    [junit] MAJOR: Mutation score: 41.43% (55.77%)
    [junit] MAJOR: Mutants killed / live: 29 (19-10-0) / 23
    [junit] MAJOR: Mutant executions: 52
    [junit] MAJOR: ------------------------------------------------------------
    [junit] MAJOR: Export summary of results to summary.csv
    [junit] MAJOR: Export mutant kill details to /tmp/run_mutation.pl_11895_1702878401/4b/kill.csv

BUILD SUCCESSFUL
Total time: 37 seconds
